07-Jun-2018 21:28:31.024 INFO [main] org.apache.catalina.startup.VersionLoggerListener.log Server version:        Apache Tomcat/8.0.27
07-Jun-2018 21:28:31.033 INFO [main] org.apache.catalina.startup.VersionLoggerListener.log Server built:          Sep 28 2015 08:17:25 UTC
07-Jun-2018 21:28:31.038 INFO [main] org.apache.catalina.startup.VersionLoggerListener.log Server number:         8.0.27.0
07-Jun-2018 21:28:31.039 INFO [main] org.apache.catalina.startup.VersionLoggerListener.log OS Name:               Linux
07-Jun-2018 21:28:31.039 INFO [main] org.apache.catalina.startup.VersionLoggerListener.log OS Version:            4.4.0-127-generic
07-Jun-2018 21:28:31.039 INFO [main] org.apache.catalina.startup.VersionLoggerListener.log Architecture:          amd64
07-Jun-2018 21:28:31.039 INFO [main] org.apache.catalina.startup.VersionLoggerListener.log Java Home:             /home/diego/jdk1.8.0_171/jre
07-Jun-2018 21:28:31.039 INFO [main] org.apache.catalina.startup.VersionLoggerListener.log JVM Version:           1.8.0_171-b11
07-Jun-2018 21:28:31.040 INFO [main] org.apache.catalina.startup.VersionLoggerListener.log JVM Vendor:            Oracle Corporation
07-Jun-2018 21:28:31.040 INFO [main] org.apache.catalina.startup.VersionLoggerListener.log CATALINA_BASE:         /home/diego/Escritorio/PruebaMapa/tsigg12/apache-tomcat-8.0.27
07-Jun-2018 21:28:31.040 INFO [main] org.apache.catalina.startup.VersionLoggerListener.log CATALINA_HOME:         /home/diego/Escritorio/PruebaMapa/tsigg12/apache-tomcat-8.0.27
07-Jun-2018 21:28:31.041 INFO [main] org.apache.catalina.startup.VersionLoggerListener.log Command line argument: -Djava.util.logging.config.file=/home/diego/Escritorio/PruebaMapa/tsigg12/apache-tomcat-8.0.27/conf/logging.properties
07-Jun-2018 21:28:31.042 INFO [main] org.apache.catalina.startup.VersionLoggerListener.log Command line argument: -Djava.util.logging.manager=org.apache.juli.ClassLoaderLogManager
07-Jun-2018 21:28:31.042 INFO [main] org.apache.catalina.startup.VersionLoggerListener.log Command line argument: -Dhttp.nonProxyHosts=localhost|127.0.0.1|diego-RV410-RV510-S3510-E3510
07-Jun-2018 21:28:31.042 INFO [main] org.apache.catalina.startup.VersionLoggerListener.log Command line argument: -Djava.endorsed.dirs=/home/diego/Escritorio/PruebaMapa/tsigg12/apache-tomcat-8.0.27/endorsed
07-Jun-2018 21:28:31.043 INFO [main] org.apache.catalina.startup.VersionLoggerListener.log Command line argument: -Dcatalina.base=/home/diego/Escritorio/PruebaMapa/tsigg12/apache-tomcat-8.0.27
07-Jun-2018 21:28:31.043 INFO [main] org.apache.catalina.startup.VersionLoggerListener.log Command line argument: -Dcatalina.home=/home/diego/Escritorio/PruebaMapa/tsigg12/apache-tomcat-8.0.27
07-Jun-2018 21:28:31.043 INFO [main] org.apache.catalina.startup.VersionLoggerListener.log Command line argument: -Djava.io.tmpdir=/home/diego/Escritorio/PruebaMapa/tsigg12/apache-tomcat-8.0.27/temp
07-Jun-2018 21:28:31.044 INFO [main] org.apache.catalina.core.AprLifecycleListener.lifecycleEvent La biblioteca nativa de Apache Tomcat basada en ARP que permite un rendimiento óptimo en entornos de desarrollo no ha sido hallada en java.library.path: /home/diego/jdk1.8.0_171/jre/lib/amd64:/home/diego/jdk1.8.0_171/jre/lib/i386::/usr/java/packages/lib/amd64:/usr/lib64:/lib64:/lib:/usr/lib
07-Jun-2018 21:28:32.067 INFO [main] org.apache.coyote.AbstractProtocol.init Initializing ProtocolHandler ["http-nio-8085"]
07-Jun-2018 21:28:32.276 INFO [main] org.apache.tomcat.util.net.NioSelectorPool.getSharedSelector Using a shared selector for servlet write/read
07-Jun-2018 21:28:32.290 INFO [main] org.apache.coyote.AbstractProtocol.init Initializing ProtocolHandler ["ajp-nio-8009"]
07-Jun-2018 21:28:32.302 INFO [main] org.apache.tomcat.util.net.NioSelectorPool.getSharedSelector Using a shared selector for servlet write/read
07-Jun-2018 21:28:32.303 INFO [main] org.apache.catalina.startup.Catalina.load Initialization processed in 4444 ms
07-Jun-2018 21:28:32.513 INFO [main] org.apache.catalina.core.StandardService.startInternal Arrancando servicio Catalina
07-Jun-2018 21:28:32.514 INFO [main] org.apache.catalina.core.StandardEngine.startInternal Starting Servlet Engine: Apache Tomcat/8.0.27
07-Jun-2018 21:28:32.621 INFO [localhost-startStop-1] org.apache.catalina.startup.HostConfig.deployDescriptor Desplieque del descriptor de configuración /home/diego/Escritorio/PruebaMapa/tsigg12/apache-tomcat-8.0.27/conf/Catalina/localhost/ROOT.xml
07-Jun-2018 21:28:32.787 WARNING [localhost-startStop-1] org.apache.catalina.core.StandardContext.setPath Una ruta de contexto debe de ser o una cadena vacía o comenzar con "/". La ruta [/] no cumple con estos criterios y ha sido cambiada por []
07-Jun-2018 21:28:43.148 INFO [localhost-startStop-1] org.apache.jasper.servlet.TldScanner.scanJars Al menos un JAR, que se ha explorado buscando TLDs, aún no contenía TLDs. Activar historial de depuración para este historiador para una completa lista de los JARs que fueron explorados y de los que nos se halló TLDs. Saltarse JARs no necesarios durante la exploración puede dar lugar a una mejora de tiempo significativa en el arranque y compilación de JSP .
07-Jun-2018 21:28:43.801 INFO [localhost-startStop-1] org.apache.catalina.startup.HostConfig.deployDescriptor Deployment of configuration descriptor /home/diego/Escritorio/PruebaMapa/tsigg12/apache-tomcat-8.0.27/conf/Catalina/localhost/ROOT.xml has finished in 11.176 ms
07-Jun-2018 21:28:43.848 INFO [localhost-startStop-1] org.apache.catalina.startup.HostConfig.deployWAR Despliegue del archivo /home/diego/Escritorio/PruebaMapa/tsigg12/apache-tomcat-8.0.27/webapps/geoserver.war de la aplicación web
07-Jun-2018 21:29:06.126 INFO [localhost-startStop-1] org.apache.jasper.servlet.TldScanner.scanJars Al menos un JAR, que se ha explorado buscando TLDs, aún no contenía TLDs. Activar historial de depuración para este historiador para una completa lista de los JARs que fueron explorados y de los que nos se halló TLDs. Saltarse JARs no necesarios durante la exploración puede dar lugar a una mejora de tiempo significativa en el arranque y compilación de JSP .
07-Jun-2018 21:29:09.444 WARNING [localhost-startStop-1] org.geoserver.platform.GeoServerExtensions.checkContext Extension lookup 'XStreamPersisterInitializer', but ApplicationContext is unset.
07-Jun-2018 21:29:09.445 WARNING [localhost-startStop-1] org.geoserver.platform.GeoServerExtensions.checkContext Extension lookup 'ExtensionFilter', but ApplicationContext is unset.
07-Jun-2018 21:29:09.459 WARNING [localhost-startStop-1] org.geoserver.platform.GeoServerExtensions.checkContext Extension lookup 'ExtensionProvider', but ApplicationContext is unset.
07-Jun-2018 21:29:09.460 WARNING [localhost-startStop-1] org.geoserver.platform.GeoServerExtensions.checkContext Extension lookup 'ExtensionFilter', but ApplicationContext is unset.
07-Jun-2018 21:29:16.526 WARNING [localhost-startStop-1] org.geoserver.platform.GeoServerExtensions.checkContext Extension lookup 'GeoServerSecurityProvider', but ApplicationContext is unset.
07-Jun-2018 21:29:16.527 WARNING [localhost-startStop-1] org.geoserver.platform.GeoServerExtensions.checkContext Extension lookup 'ExtensionFilter', but ApplicationContext is unset.
07-Jun-2018 21:29:16.527 WARNING [localhost-startStop-1] org.geoserver.platform.GeoServerExtensions.checkContext Extension lookup 'ExtensionProvider', but ApplicationContext is unset.
07-Jun-2018 21:29:16.527 WARNING [localhost-startStop-1] org.geoserver.platform.GeoServerExtensions.checkContext Extension lookup 'ExtensionFilter', but ApplicationContext is unset.
07-Jun-2018 21:29:51.667 INFO [localhost-startStop-1] org.apache.catalina.startup.HostConfig.deployWAR Deployment of web application archive /home/diego/Escritorio/PruebaMapa/tsigg12/apache-tomcat-8.0.27/webapps/geoserver.war has finished in 67.818 ms
07-Jun-2018 21:29:51.670 INFO [localhost-startStop-1] org.apache.catalina.startup.HostConfig.deployDirectory Despliegue del directorio /home/diego/Escritorio/PruebaMapa/tsigg12/apache-tomcat-8.0.27/webapps/docs de la aplicación web
07-Jun-2018 21:29:51.749 INFO [localhost-startStop-1] org.apache.catalina.startup.HostConfig.deployDirectory Deployment of web application directory /home/diego/Escritorio/PruebaMapa/tsigg12/apache-tomcat-8.0.27/webapps/docs has finished in 79 ms
07-Jun-2018 21:29:51.750 INFO [localhost-startStop-1] org.apache.catalina.startup.HostConfig.deployDirectory Despliegue del directorio /home/diego/Escritorio/PruebaMapa/tsigg12/apache-tomcat-8.0.27/webapps/examples de la aplicación web
07-Jun-2018 21:29:52.392 INFO [localhost-startStop-1] org.apache.catalina.startup.HostConfig.deployDirectory Deployment of web application directory /home/diego/Escritorio/PruebaMapa/tsigg12/apache-tomcat-8.0.27/webapps/examples has finished in 641 ms
07-Jun-2018 21:29:52.392 INFO [localhost-startStop-1] org.apache.catalina.startup.HostConfig.deployDirectory Despliegue del directorio /home/diego/Escritorio/PruebaMapa/tsigg12/apache-tomcat-8.0.27/webapps/manager de la aplicación web
07-Jun-2018 21:29:52.528 INFO [localhost-startStop-1] org.apache.catalina.startup.HostConfig.deployDirectory Deployment of web application directory /home/diego/Escritorio/PruebaMapa/tsigg12/apache-tomcat-8.0.27/webapps/manager has finished in 136 ms
07-Jun-2018 21:29:52.531 INFO [localhost-startStop-1] org.apache.catalina.startup.HostConfig.deployDirectory Despliegue del directorio /home/diego/Escritorio/PruebaMapa/tsigg12/apache-tomcat-8.0.27/webapps/host-manager de la aplicación web
07-Jun-2018 21:29:52.641 INFO [localhost-startStop-1] org.apache.catalina.startup.HostConfig.deployDirectory Deployment of web application directory /home/diego/Escritorio/PruebaMapa/tsigg12/apache-tomcat-8.0.27/webapps/host-manager has finished in 110 ms
07-Jun-2018 21:29:52.665 INFO [main] org.apache.coyote.AbstractProtocol.start Starting ProtocolHandler ["http-nio-8085"]
07-Jun-2018 21:29:52.698 INFO [main] org.apache.coyote.AbstractProtocol.start Starting ProtocolHandler ["ajp-nio-8009"]
07-Jun-2018 21:29:52.713 INFO [main] org.apache.catalina.startup.Catalina.start Server startup in 80409 ms
07-Jun-2018 21:30:17.274 WARNING [http-nio-8085-exec-12] java.util.prefs.FileSystemPreferences$6.run Prefs file removed in background /home/diego/.java/.userPrefs/org/geotools/referencing/wkt/prefs.xml
07-Jun-2018 21:30:51.622 INFO [http-nio-8085-exec-28] org.apache.catalina.startup.HostConfig.undeploy Repliegue (undeploy) de la aplicación web que tiene como trayectoria de contexto 
07-Jun-2018 21:30:51.802 INFO [http-nio-8085-exec-11] org.apache.catalina.startup.HostConfig.deployDescriptor Desplieque del descriptor de configuración /home/diego/Escritorio/PruebaMapa/tsigg12/apache-tomcat-8.0.27/conf/Catalina/localhost/ROOT.xml
07-Jun-2018 21:30:51.807 WARNING [http-nio-8085-exec-11] org.apache.catalina.core.StandardContext.setPath Una ruta de contexto debe de ser o una cadena vacía o comenzar con "/". La ruta [/] no cumple con estos criterios y ha sido cambiada por []
07-Jun-2018 21:30:54.718 INFO [http-nio-8085-exec-11] org.apache.catalina.startup.HostConfig.deployDescriptor Deployment of configuration descriptor /home/diego/Escritorio/PruebaMapa/tsigg12/apache-tomcat-8.0.27/conf/Catalina/localhost/ROOT.xml has finished in 2.915 ms
07-Jun-2018 21:30:54.733 INFO [http-nio-8085-exec-25] org.apache.catalina.util.LifecycleBase.start The start() method was called on component [StandardEngine[Catalina].StandardHost[localhost].StandardContext[]] after start() had already been called. The second call will be ignored.
07-Jun-2018 22:10:53.261 WARNING [http-nio-8085-exec-57] org.apache.catalina.loader.WebappClassLoaderBase.clearReferencesJdbc La aplicación web [ROOT] registró el conductor JDBC [org.postgresql.Driver] pero falló al anular el registro mientras la aplicación web estaba parada. Para prevenir un fallo de memoria, se ha anulado el registro del conductor JDBC por la fuerza.
07-Jun-2018 22:10:53.793 INFO [http-nio-8085-exec-57] org.apache.catalina.startup.HostConfig.undeploy Repliegue (undeploy) de la aplicación web que tiene como trayectoria de contexto 
07-Jun-2018 22:10:53.862 INFO [http-nio-8085-exec-33] org.apache.catalina.startup.HostConfig.deployDescriptor Desplieque del descriptor de configuración /home/diego/Escritorio/PruebaMapa/tsigg12/apache-tomcat-8.0.27/conf/Catalina/localhost/ROOT.xml
07-Jun-2018 22:10:53.867 WARNING [http-nio-8085-exec-33] org.apache.catalina.core.StandardContext.setPath Una ruta de contexto debe de ser o una cadena vacía o comenzar con "/". La ruta [/] no cumple con estos criterios y ha sido cambiada por []
07-Jun-2018 22:10:57.221 INFO [http-nio-8085-exec-33] org.apache.catalina.startup.HostConfig.deployDescriptor Deployment of configuration descriptor /home/diego/Escritorio/PruebaMapa/tsigg12/apache-tomcat-8.0.27/conf/Catalina/localhost/ROOT.xml has finished in 3.359 ms
07-Jun-2018 22:10:57.232 INFO [http-nio-8085-exec-43] org.apache.catalina.util.LifecycleBase.start The start() method was called on component [StandardEngine[Catalina].StandardHost[localhost].StandardContext[]] after start() had already been called. The second call will be ignored.
