08-Jun-2018 21:15:52.513 INFO [Finalizer] org.apache.catalina.loader.WebappClassLoaderBase.checkStateForResourceLoading Acceso ilegal: esta instancia de aplicación web ya ha sido parada.  Could not load org.eclipse.persistence.internal.localization.i18n.LoggingLocalizationResource.  La eventual traza de pila que sigue ha sido motivada por un error lanzado con motivos de depuración así como para intentar terminar el hilo que motivó el acceso ilegal y no tiene impacto funcional.
 java.lang.IllegalStateException: Acceso ilegal: esta instancia de aplicación web ya ha sido parada.  Could not load org.eclipse.persistence.internal.localization.i18n.LoggingLocalizationResource.  La eventual traza de pila que sigue ha sido motivada por un error lanzado con motivos de depuración así como para intentar terminar el hilo que motivó el acceso ilegal y no tiene impacto funcional.
	at org.apache.catalina.loader.WebappClassLoaderBase.checkStateForResourceLoading(WebappClassLoaderBase.java:1355)
	at org.apache.catalina.loader.WebappClassLoaderBase.checkStateForClassLoading(WebappClassLoaderBase.java:1341)
	at org.apache.catalina.loader.WebappClassLoaderBase.loadClass(WebappClassLoaderBase.java:1206)
	at org.apache.catalina.loader.WebappClassLoaderBase.loadClass(WebappClassLoaderBase.java:1167)
	at java.util.ResourceBundle$Control.newBundle(ResourceBundle.java:2649)
	at java.util.ResourceBundle.loadBundle(ResourceBundle.java:1510)
	at java.util.ResourceBundle.findBundle(ResourceBundle.java:1474)
	at java.util.ResourceBundle.findBundle(ResourceBundle.java:1428)
	at java.util.ResourceBundle.findBundle(ResourceBundle.java:1428)
	at java.util.ResourceBundle.getBundleImpl(ResourceBundle.java:1370)
	at java.util.ResourceBundle.getBundle(ResourceBundle.java:854)
	at org.eclipse.persistence.internal.localization.EclipseLinkLocalization.buildMessage(EclipseLinkLocalization.java:60)
	at org.eclipse.persistence.internal.localization.EclipseLinkLocalization.buildMessage(EclipseLinkLocalization.java:34)
	at org.eclipse.persistence.internal.localization.LoggingLocalization.buildMessage(LoggingLocalization.java:25)
	at org.eclipse.persistence.logging.AbstractSessionLog.formatMessage(AbstractSessionLog.java:987)
	at org.eclipse.persistence.logging.DefaultSessionLog.log(DefaultSessionLog.java:142)
	at org.eclipse.persistence.internal.sessions.AbstractSession.log(AbstractSession.java:3491)
	at org.eclipse.persistence.internal.sessions.AbstractSession.log(AbstractSession.java:4681)
	at org.eclipse.persistence.internal.sessions.AbstractSession.log(AbstractSession.java:4653)
	at org.eclipse.persistence.internal.sessions.AbstractSession.log(AbstractSession.java:4629)
	at org.eclipse.persistence.internal.sessions.AbstractSession.log(AbstractSession.java:4551)
	at org.eclipse.persistence.internal.sessions.DatabaseSessionImpl.logout(DatabaseSessionImpl.java:937)
	at org.eclipse.persistence.sessions.server.ServerSession.logout(ServerSession.java:776)
	at org.eclipse.persistence.internal.jpa.EntityManagerSetupImpl.removeSessionFromGlobalSessionManager(EntityManagerSetupImpl.java:511)
	at org.eclipse.persistence.internal.jpa.EntityManagerSetupImpl.undeploy(EntityManagerSetupImpl.java:2850)
	at org.eclipse.persistence.internal.jpa.EntityManagerFactoryDelegate.close(EntityManagerFactoryDelegate.java:267)
	at org.eclipse.persistence.internal.jpa.EntityManagerFactoryDelegate.finalize(EntityManagerFactoryDelegate.java:344)
	at java.lang.System$2.invokeFinalize(System.java:1270)
	at java.lang.ref.Finalizer.runFinalizer(Finalizer.java:98)
	at java.lang.ref.Finalizer.access$100(Finalizer.java:34)
	at java.lang.ref.Finalizer$FinalizerThread.run(Finalizer.java:213)

08-Jun-2018 21:15:52.514 INFO [Finalizer] org.apache.catalina.loader.WebappClassLoaderBase.checkStateForResourceLoading Acceso ilegal: esta instancia de aplicación web ya ha sido parada.  Could not load org/eclipse/persistence/internal/localization/i18n/LoggingLocalizationResource.properties.  La eventual traza de pila que sigue ha sido motivada por un error lanzado con motivos de depuración así como para intentar terminar el hilo que motivó el acceso ilegal y no tiene impacto funcional.
 java.lang.IllegalStateException: Acceso ilegal: esta instancia de aplicación web ya ha sido parada.  Could not load org/eclipse/persistence/internal/localization/i18n/LoggingLocalizationResource.properties.  La eventual traza de pila que sigue ha sido motivada por un error lanzado con motivos de depuración así como para intentar terminar el hilo que motivó el acceso ilegal y no tiene impacto funcional.
	at org.apache.catalina.loader.WebappClassLoaderBase.checkStateForResourceLoading(WebappClassLoaderBase.java:1355)
	at org.apache.catalina.loader.WebappClassLoaderBase.getResourceAsStream(WebappClassLoaderBase.java:1088)
	at java.util.ResourceBundle$Control$1.run(ResourceBundle.java:2686)
	at java.util.ResourceBundle$Control$1.run(ResourceBundle.java:2671)
	at java.security.AccessController.doPrivileged(Native Method)
	at java.util.ResourceBundle$Control.newBundle(ResourceBundle.java:2670)
	at java.util.ResourceBundle.loadBundle(ResourceBundle.java:1510)
	at java.util.ResourceBundle.findBundle(ResourceBundle.java:1474)
	at java.util.ResourceBundle.findBundle(ResourceBundle.java:1428)
	at java.util.ResourceBundle.findBundle(ResourceBundle.java:1428)
	at java.util.ResourceBundle.getBundleImpl(ResourceBundle.java:1370)
	at java.util.ResourceBundle.getBundle(ResourceBundle.java:854)
	at org.eclipse.persistence.internal.localization.EclipseLinkLocalization.buildMessage(EclipseLinkLocalization.java:60)
	at org.eclipse.persistence.internal.localization.EclipseLinkLocalization.buildMessage(EclipseLinkLocalization.java:34)
	at org.eclipse.persistence.internal.localization.LoggingLocalization.buildMessage(LoggingLocalization.java:25)
	at org.eclipse.persistence.logging.AbstractSessionLog.formatMessage(AbstractSessionLog.java:987)
	at org.eclipse.persistence.logging.DefaultSessionLog.log(DefaultSessionLog.java:142)
	at org.eclipse.persistence.internal.sessions.AbstractSession.log(AbstractSession.java:3491)
	at org.eclipse.persistence.internal.sessions.AbstractSession.log(AbstractSession.java:4681)
	at org.eclipse.persistence.internal.sessions.AbstractSession.log(AbstractSession.java:4653)
	at org.eclipse.persistence.internal.sessions.AbstractSession.log(AbstractSession.java:4629)
	at org.eclipse.persistence.internal.sessions.AbstractSession.log(AbstractSession.java:4551)
	at org.eclipse.persistence.internal.sessions.DatabaseSessionImpl.logout(DatabaseSessionImpl.java:937)
	at org.eclipse.persistence.sessions.server.ServerSession.logout(ServerSession.java:776)
	at org.eclipse.persistence.internal.jpa.EntityManagerSetupImpl.removeSessionFromGlobalSessionManager(EntityManagerSetupImpl.java:511)
	at org.eclipse.persistence.internal.jpa.EntityManagerSetupImpl.undeploy(EntityManagerSetupImpl.java:2850)
	at org.eclipse.persistence.internal.jpa.EntityManagerFactoryDelegate.close(EntityManagerFactoryDelegate.java:267)
	at org.eclipse.persistence.internal.jpa.EntityManagerFactoryDelegate.finalize(EntityManagerFactoryDelegate.java:344)
	at java.lang.System$2.invokeFinalize(System.java:1270)
	at java.lang.ref.Finalizer.runFinalizer(Finalizer.java:98)
	at java.lang.ref.Finalizer.access$100(Finalizer.java:34)
	at java.lang.ref.Finalizer$FinalizerThread.run(Finalizer.java:213)

08-Jun-2018 21:15:52.519 INFO [Finalizer] org.apache.catalina.loader.WebappClassLoaderBase.checkStateForResourceLoading Acceso ilegal: esta instancia de aplicación web ya ha sido parada.  Could not load org.eclipse.persistence.internal.localization.i18n.LoggingLocalizationResource_es.  La eventual traza de pila que sigue ha sido motivada por un error lanzado con motivos de depuración así como para intentar terminar el hilo que motivó el acceso ilegal y no tiene impacto funcional.
 java.lang.IllegalStateException: Acceso ilegal: esta instancia de aplicación web ya ha sido parada.  Could not load org.eclipse.persistence.internal.localization.i18n.LoggingLocalizationResource_es.  La eventual traza de pila que sigue ha sido motivada por un error lanzado con motivos de depuración así como para intentar terminar el hilo que motivó el acceso ilegal y no tiene impacto funcional.
	at org.apache.catalina.loader.WebappClassLoaderBase.checkStateForResourceLoading(WebappClassLoaderBase.java:1355)
	at org.apache.catalina.loader.WebappClassLoaderBase.checkStateForClassLoading(WebappClassLoaderBase.java:1341)
	at org.apache.catalina.loader.WebappClassLoaderBase.loadClass(WebappClassLoaderBase.java:1206)
	at org.apache.catalina.loader.WebappClassLoaderBase.loadClass(WebappClassLoaderBase.java:1167)
	at java.util.ResourceBundle$Control.newBundle(ResourceBundle.java:2649)
	at java.util.ResourceBundle.loadBundle(ResourceBundle.java:1510)
	at java.util.ResourceBundle.findBundle(ResourceBundle.java:1474)
	at java.util.ResourceBundle.findBundle(ResourceBundle.java:1428)
	at java.util.ResourceBundle.getBundleImpl(ResourceBundle.java:1370)
	at java.util.ResourceBundle.getBundle(ResourceBundle.java:854)
	at org.eclipse.persistence.internal.localization.EclipseLinkLocalization.buildMessage(EclipseLinkLocalization.java:60)
	at org.eclipse.persistence.internal.localization.EclipseLinkLocalization.buildMessage(EclipseLinkLocalization.java:34)
	at org.eclipse.persistence.internal.localization.LoggingLocalization.buildMessage(LoggingLocalization.java:25)
	at org.eclipse.persistence.logging.AbstractSessionLog.formatMessage(AbstractSessionLog.java:987)
	at org.eclipse.persistence.logging.DefaultSessionLog.log(DefaultSessionLog.java:142)
	at org.eclipse.persistence.internal.sessions.AbstractSession.log(AbstractSession.java:3491)
	at org.eclipse.persistence.internal.sessions.AbstractSession.log(AbstractSession.java:4681)
	at org.eclipse.persistence.internal.sessions.AbstractSession.log(AbstractSession.java:4653)
	at org.eclipse.persistence.internal.sessions.AbstractSession.log(AbstractSession.java:4629)
	at org.eclipse.persistence.internal.sessions.AbstractSession.log(AbstractSession.java:4551)
	at org.eclipse.persistence.internal.sessions.DatabaseSessionImpl.logout(DatabaseSessionImpl.java:937)
	at org.eclipse.persistence.sessions.server.ServerSession.logout(ServerSession.java:776)
	at org.eclipse.persistence.internal.jpa.EntityManagerSetupImpl.removeSessionFromGlobalSessionManager(EntityManagerSetupImpl.java:511)
	at org.eclipse.persistence.internal.jpa.EntityManagerSetupImpl.undeploy(EntityManagerSetupImpl.java:2850)
	at org.eclipse.persistence.internal.jpa.EntityManagerFactoryDelegate.close(EntityManagerFactoryDelegate.java:267)
	at org.eclipse.persistence.internal.jpa.EntityManagerFactoryDelegate.finalize(EntityManagerFactoryDelegate.java:344)
	at java.lang.System$2.invokeFinalize(System.java:1270)
	at java.lang.ref.Finalizer.runFinalizer(Finalizer.java:98)
	at java.lang.ref.Finalizer.access$100(Finalizer.java:34)
	at java.lang.ref.Finalizer$FinalizerThread.run(Finalizer.java:213)

08-Jun-2018 21:15:52.520 INFO [Finalizer] org.apache.catalina.loader.WebappClassLoaderBase.checkStateForResourceLoading Acceso ilegal: esta instancia de aplicación web ya ha sido parada.  Could not load org/eclipse/persistence/internal/localization/i18n/LoggingLocalizationResource_es.properties.  La eventual traza de pila que sigue ha sido motivada por un error lanzado con motivos de depuración así como para intentar terminar el hilo que motivó el acceso ilegal y no tiene impacto funcional.
 java.lang.IllegalStateException: Acceso ilegal: esta instancia de aplicación web ya ha sido parada.  Could not load org/eclipse/persistence/internal/localization/i18n/LoggingLocalizationResource_es.properties.  La eventual traza de pila que sigue ha sido motivada por un error lanzado con motivos de depuración así como para intentar terminar el hilo que motivó el acceso ilegal y no tiene impacto funcional.
	at org.apache.catalina.loader.WebappClassLoaderBase.checkStateForResourceLoading(WebappClassLoaderBase.java:1355)
	at org.apache.catalina.loader.WebappClassLoaderBase.getResourceAsStream(WebappClassLoaderBase.java:1088)
	at java.util.ResourceBundle$Control$1.run(ResourceBundle.java:2686)
	at java.util.ResourceBundle$Control$1.run(ResourceBundle.java:2671)
	at java.security.AccessController.doPrivileged(Native Method)
	at java.util.ResourceBundle$Control.newBundle(ResourceBundle.java:2670)
	at java.util.ResourceBundle.loadBundle(ResourceBundle.java:1510)
	at java.util.ResourceBundle.findBundle(ResourceBundle.java:1474)
	at java.util.ResourceBundle.findBundle(ResourceBundle.java:1428)
	at java.util.ResourceBundle.getBundleImpl(ResourceBundle.java:1370)
	at java.util.ResourceBundle.getBundle(ResourceBundle.java:854)
	at org.eclipse.persistence.internal.localization.EclipseLinkLocalization.buildMessage(EclipseLinkLocalization.java:60)
	at org.eclipse.persistence.internal.localization.EclipseLinkLocalization.buildMessage(EclipseLinkLocalization.java:34)
	at org.eclipse.persistence.internal.localization.LoggingLocalization.buildMessage(LoggingLocalization.java:25)
	at org.eclipse.persistence.logging.AbstractSessionLog.formatMessage(AbstractSessionLog.java:987)
	at org.eclipse.persistence.logging.DefaultSessionLog.log(DefaultSessionLog.java:142)
	at org.eclipse.persistence.internal.sessions.AbstractSession.log(AbstractSession.java:3491)
	at org.eclipse.persistence.internal.sessions.AbstractSession.log(AbstractSession.java:4681)
	at org.eclipse.persistence.internal.sessions.AbstractSession.log(AbstractSession.java:4653)
	at org.eclipse.persistence.internal.sessions.AbstractSession.log(AbstractSession.java:4629)
	at org.eclipse.persistence.internal.sessions.AbstractSession.log(AbstractSession.java:4551)
	at org.eclipse.persistence.internal.sessions.DatabaseSessionImpl.logout(DatabaseSessionImpl.java:937)
	at org.eclipse.persistence.sessions.server.ServerSession.logout(ServerSession.java:776)
	at org.eclipse.persistence.internal.jpa.EntityManagerSetupImpl.removeSessionFromGlobalSessionManager(EntityManagerSetupImpl.java:511)
	at org.eclipse.persistence.internal.jpa.EntityManagerSetupImpl.undeploy(EntityManagerSetupImpl.java:2850)
	at org.eclipse.persistence.internal.jpa.EntityManagerFactoryDelegate.close(EntityManagerFactoryDelegate.java:267)
	at org.eclipse.persistence.internal.jpa.EntityManagerFactoryDelegate.finalize(EntityManagerFactoryDelegate.java:344)
	at java.lang.System$2.invokeFinalize(System.java:1270)
	at java.lang.ref.Finalizer.runFinalizer(Finalizer.java:98)
	at java.lang.ref.Finalizer.access$100(Finalizer.java:34)
	at java.lang.ref.Finalizer$FinalizerThread.run(Finalizer.java:213)

08-Jun-2018 21:15:52.528 INFO [Finalizer] org.apache.catalina.loader.WebappClassLoaderBase.checkStateForResourceLoading Acceso ilegal: esta instancia de aplicación web ya ha sido parada.  Could not load org.eclipse.persistence.internal.localization.i18n.LoggingLocalizationResource_es_UY.  La eventual traza de pila que sigue ha sido motivada por un error lanzado con motivos de depuración así como para intentar terminar el hilo que motivó el acceso ilegal y no tiene impacto funcional.
 java.lang.IllegalStateException: Acceso ilegal: esta instancia de aplicación web ya ha sido parada.  Could not load org.eclipse.persistence.internal.localization.i18n.LoggingLocalizationResource_es_UY.  La eventual traza de pila que sigue ha sido motivada por un error lanzado con motivos de depuración así como para intentar terminar el hilo que motivó el acceso ilegal y no tiene impacto funcional.
	at org.apache.catalina.loader.WebappClassLoaderBase.checkStateForResourceLoading(WebappClassLoaderBase.java:1355)
	at org.apache.catalina.loader.WebappClassLoaderBase.checkStateForClassLoading(WebappClassLoaderBase.java:1341)
	at org.apache.catalina.loader.WebappClassLoaderBase.loadClass(WebappClassLoaderBase.java:1206)
	at org.apache.catalina.loader.WebappClassLoaderBase.loadClass(WebappClassLoaderBase.java:1167)
	at java.util.ResourceBundle$Control.newBundle(ResourceBundle.java:2649)
	at java.util.ResourceBundle.loadBundle(ResourceBundle.java:1510)
	at java.util.ResourceBundle.findBundle(ResourceBundle.java:1474)
	at java.util.ResourceBundle.getBundleImpl(ResourceBundle.java:1370)
	at java.util.ResourceBundle.getBundle(ResourceBundle.java:854)
	at org.eclipse.persistence.internal.localization.EclipseLinkLocalization.buildMessage(EclipseLinkLocalization.java:60)
	at org.eclipse.persistence.internal.localization.EclipseLinkLocalization.buildMessage(EclipseLinkLocalization.java:34)
	at org.eclipse.persistence.internal.localization.LoggingLocalization.buildMessage(LoggingLocalization.java:25)
	at org.eclipse.persistence.logging.AbstractSessionLog.formatMessage(AbstractSessionLog.java:987)
	at org.eclipse.persistence.logging.DefaultSessionLog.log(DefaultSessionLog.java:142)
	at org.eclipse.persistence.internal.sessions.AbstractSession.log(AbstractSession.java:3491)
	at org.eclipse.persistence.internal.sessions.AbstractSession.log(AbstractSession.java:4681)
	at org.eclipse.persistence.internal.sessions.AbstractSession.log(AbstractSession.java:4653)
	at org.eclipse.persistence.internal.sessions.AbstractSession.log(AbstractSession.java:4629)
	at org.eclipse.persistence.internal.sessions.AbstractSession.log(AbstractSession.java:4551)
	at org.eclipse.persistence.internal.sessions.DatabaseSessionImpl.logout(DatabaseSessionImpl.java:937)
	at org.eclipse.persistence.sessions.server.ServerSession.logout(ServerSession.java:776)
	at org.eclipse.persistence.internal.jpa.EntityManagerSetupImpl.removeSessionFromGlobalSessionManager(EntityManagerSetupImpl.java:511)
	at org.eclipse.persistence.internal.jpa.EntityManagerSetupImpl.undeploy(EntityManagerSetupImpl.java:2850)
	at org.eclipse.persistence.internal.jpa.EntityManagerFactoryDelegate.close(EntityManagerFactoryDelegate.java:267)
	at org.eclipse.persistence.internal.jpa.EntityManagerFactoryDelegate.finalize(EntityManagerFactoryDelegate.java:344)
	at java.lang.System$2.invokeFinalize(System.java:1270)
	at java.lang.ref.Finalizer.runFinalizer(Finalizer.java:98)
	at java.lang.ref.Finalizer.access$100(Finalizer.java:34)
	at java.lang.ref.Finalizer$FinalizerThread.run(Finalizer.java:213)

08-Jun-2018 21:15:52.529 INFO [Finalizer] org.apache.catalina.loader.WebappClassLoaderBase.checkStateForResourceLoading Acceso ilegal: esta instancia de aplicación web ya ha sido parada.  Could not load org/eclipse/persistence/internal/localization/i18n/LoggingLocalizationResource_es_UY.properties.  La eventual traza de pila que sigue ha sido motivada por un error lanzado con motivos de depuración así como para intentar terminar el hilo que motivó el acceso ilegal y no tiene impacto funcional.
 java.lang.IllegalStateException: Acceso ilegal: esta instancia de aplicación web ya ha sido parada.  Could not load org/eclipse/persistence/internal/localization/i18n/LoggingLocalizationResource_es_UY.properties.  La eventual traza de pila que sigue ha sido motivada por un error lanzado con motivos de depuración así como para intentar terminar el hilo que motivó el acceso ilegal y no tiene impacto funcional.
	at org.apache.catalina.loader.WebappClassLoaderBase.checkStateForResourceLoading(WebappClassLoaderBase.java:1355)
	at org.apache.catalina.loader.WebappClassLoaderBase.getResourceAsStream(WebappClassLoaderBase.java:1088)
	at java.util.ResourceBundle$Control$1.run(ResourceBundle.java:2686)
	at java.util.ResourceBundle$Control$1.run(ResourceBundle.java:2671)
	at java.security.AccessController.doPrivileged(Native Method)
	at java.util.ResourceBundle$Control.newBundle(ResourceBundle.java:2670)
	at java.util.ResourceBundle.loadBundle(ResourceBundle.java:1510)
	at java.util.ResourceBundle.findBundle(ResourceBundle.java:1474)
	at java.util.ResourceBundle.getBundleImpl(ResourceBundle.java:1370)
	at java.util.ResourceBundle.getBundle(ResourceBundle.java:854)
	at org.eclipse.persistence.internal.localization.EclipseLinkLocalization.buildMessage(EclipseLinkLocalization.java:60)
	at org.eclipse.persistence.internal.localization.EclipseLinkLocalization.buildMessage(EclipseLinkLocalization.java:34)
	at org.eclipse.persistence.internal.localization.LoggingLocalization.buildMessage(LoggingLocalization.java:25)
	at org.eclipse.persistence.logging.AbstractSessionLog.formatMessage(AbstractSessionLog.java:987)
	at org.eclipse.persistence.logging.DefaultSessionLog.log(DefaultSessionLog.java:142)
	at org.eclipse.persistence.internal.sessions.AbstractSession.log(AbstractSession.java:3491)
	at org.eclipse.persistence.internal.sessions.AbstractSession.log(AbstractSession.java:4681)
	at org.eclipse.persistence.internal.sessions.AbstractSession.log(AbstractSession.java:4653)
	at org.eclipse.persistence.internal.sessions.AbstractSession.log(AbstractSession.java:4629)
	at org.eclipse.persistence.internal.sessions.AbstractSession.log(AbstractSession.java:4551)
	at org.eclipse.persistence.internal.sessions.DatabaseSessionImpl.logout(DatabaseSessionImpl.java:937)
	at org.eclipse.persistence.sessions.server.ServerSession.logout(ServerSession.java:776)
	at org.eclipse.persistence.internal.jpa.EntityManagerSetupImpl.removeSessionFromGlobalSessionManager(EntityManagerSetupImpl.java:511)
	at org.eclipse.persistence.internal.jpa.EntityManagerSetupImpl.undeploy(EntityManagerSetupImpl.java:2850)
	at org.eclipse.persistence.internal.jpa.EntityManagerFactoryDelegate.close(EntityManagerFactoryDelegate.java:267)
	at org.eclipse.persistence.internal.jpa.EntityManagerFactoryDelegate.finalize(EntityManagerFactoryDelegate.java:344)
	at java.lang.System$2.invokeFinalize(System.java:1270)
	at java.lang.ref.Finalizer.runFinalizer(Finalizer.java:98)
	at java.lang.ref.Finalizer.access$100(Finalizer.java:34)
	at java.lang.ref.Finalizer$FinalizerThread.run(Finalizer.java:213)

