07-Jun-2018 21:30:48.881 INFO [http-nio-8085-exec-10] org.apache.catalina.core.ApplicationContext.log Manager: init: Associated with Deployer 'Catalina:type=Deployer,host=localhost'
07-Jun-2018 21:30:48.883 INFO [http-nio-8085-exec-10] org.apache.catalina.core.ApplicationContext.log Manager: init: Global resources are available
07-Jun-2018 21:30:48.886 INFO [http-nio-8085-exec-10] org.apache.catalina.core.ApplicationContext.log Manager: list: Listing contexts for virtual host 'localhost'
07-Jun-2018 21:30:50.908 INFO [http-nio-8085-exec-13] org.apache.catalina.core.ApplicationContext.log Manager: list: Listing contexts for virtual host 'localhost'
07-Jun-2018 21:30:50.992 INFO [http-nio-8085-exec-28] org.apache.catalina.core.ApplicationContext.log Manager: undeploy: Undeploying web application at '/'
07-Jun-2018 21:30:51.801 INFO [http-nio-8085-exec-11] org.apache.catalina.core.ApplicationContext.log Manager: install: Installing context configuration at 'file:/tmp/context1801761738025767417.xml'
07-Jun-2018 21:30:54.732 INFO [http-nio-8085-exec-25] org.apache.catalina.core.ApplicationContext.log Manager: start: Starting web application '/'
07-Jun-2018 21:35:16.160 INFO [http-nio-8085-exec-45] org.apache.catalina.core.ApplicationContext.log Manager: list: Listing contexts for virtual host 'localhost'
07-Jun-2018 21:35:52.526 INFO [http-nio-8085-exec-57] org.apache.catalina.core.ApplicationContext.log Manager: list: Listing contexts for virtual host 'localhost'
07-Jun-2018 21:37:23.035 INFO [http-nio-8085-exec-45] org.apache.catalina.core.ApplicationContext.log Manager: list: Listing contexts for virtual host 'localhost'
07-Jun-2018 21:38:19.373 INFO [http-nio-8085-exec-57] org.apache.catalina.core.ApplicationContext.log Manager: list: Listing contexts for virtual host 'localhost'
07-Jun-2018 21:38:43.577 INFO [http-nio-8085-exec-49] org.apache.catalina.core.ApplicationContext.log Manager: list: Listing contexts for virtual host 'localhost'
07-Jun-2018 21:39:29.810 INFO [http-nio-8085-exec-57] org.apache.catalina.core.ApplicationContext.log Manager: list: Listing contexts for virtual host 'localhost'
07-Jun-2018 21:39:53.226 INFO [http-nio-8085-exec-45] org.apache.catalina.core.ApplicationContext.log Manager: list: Listing contexts for virtual host 'localhost'
07-Jun-2018 21:57:17.192 INFO [http-nio-8085-exec-49] org.apache.catalina.core.ApplicationContext.log Manager: list: Listing contexts for virtual host 'localhost'
07-Jun-2018 21:57:34.133 INFO [http-nio-8085-exec-58] org.apache.catalina.core.ApplicationContext.log Manager: list: Listing contexts for virtual host 'localhost'
07-Jun-2018 22:03:00.060 INFO [http-nio-8085-exec-45] org.apache.catalina.core.ApplicationContext.log Manager: list: Listing contexts for virtual host 'localhost'
07-Jun-2018 22:10:46.304 INFO [http-nio-8085-exec-33] org.apache.catalina.core.ApplicationContext.log Manager: list: Listing contexts for virtual host 'localhost'
07-Jun-2018 22:10:53.100 INFO [http-nio-8085-exec-56] org.apache.catalina.core.ApplicationContext.log Manager: list: Listing contexts for virtual host 'localhost'
07-Jun-2018 22:10:53.108 INFO [http-nio-8085-exec-49] org.apache.catalina.core.ApplicationContext.log Manager: list: Listing contexts for virtual host 'localhost'
07-Jun-2018 22:10:53.180 INFO [http-nio-8085-exec-57] org.apache.catalina.core.ApplicationContext.log Manager: undeploy: Undeploying web application at '/'
07-Jun-2018 22:10:53.860 INFO [http-nio-8085-exec-33] org.apache.catalina.core.ApplicationContext.log Manager: install: Installing context configuration at 'file:/tmp/context1668805553062800172.xml'
07-Jun-2018 22:10:57.232 INFO [http-nio-8085-exec-43] org.apache.catalina.core.ApplicationContext.log Manager: start: Starting web application '/'
07-Jun-2018 22:15:00.605 INFO [http-nio-8085-exec-65] org.apache.catalina.core.ApplicationContext.log Manager: list: Listing contexts for virtual host 'localhost'
07-Jun-2018 22:16:18.951 INFO [http-nio-8085-exec-67] org.apache.catalina.core.ApplicationContext.log Manager: list: Listing contexts for virtual host 'localhost'
07-Jun-2018 22:17:43.327 INFO [http-nio-8085-exec-63] org.apache.catalina.core.ApplicationContext.log Manager: list: Listing contexts for virtual host 'localhost'
07-Jun-2018 22:18:24.505 INFO [http-nio-8085-exec-61] org.apache.catalina.core.ApplicationContext.log Manager: list: Listing contexts for virtual host 'localhost'
07-Jun-2018 22:19:30.150 INFO [http-nio-8085-exec-63] org.apache.catalina.core.ApplicationContext.log Manager: list: Listing contexts for virtual host 'localhost'
07-Jun-2018 22:19:56.354 INFO [http-nio-8085-exec-59] org.apache.catalina.core.ApplicationContext.log Manager: list: Listing contexts for virtual host 'localhost'
07-Jun-2018 22:32:13.483 INFO [http-nio-8085-exec-60] org.apache.catalina.core.ApplicationContext.log Manager: list: Listing contexts for virtual host 'localhost'
07-Jun-2018 22:32:36.457 INFO [http-nio-8085-exec-61] org.apache.catalina.core.ApplicationContext.log Manager: list: Listing contexts for virtual host 'localhost'
07-Jun-2018 22:33:09.072 INFO [http-nio-8085-exec-59] org.apache.catalina.core.ApplicationContext.log Manager: list: Listing contexts for virtual host 'localhost'
07-Jun-2018 22:33:50.832 INFO [http-nio-8085-exec-64] org.apache.catalina.core.ApplicationContext.log Manager: list: Listing contexts for virtual host 'localhost'
07-Jun-2018 22:34:13.883 INFO [http-nio-8085-exec-67] org.apache.catalina.core.ApplicationContext.log Manager: list: Listing contexts for virtual host 'localhost'
07-Jun-2018 22:34:51.155 INFO [http-nio-8085-exec-65] org.apache.catalina.core.ApplicationContext.log Manager: list: Listing contexts for virtual host 'localhost'
07-Jun-2018 22:36:48.102 INFO [http-nio-8085-exec-62] org.apache.catalina.core.ApplicationContext.log Manager: list: Listing contexts for virtual host 'localhost'
07-Jun-2018 22:37:07.905 INFO [http-nio-8085-exec-59] org.apache.catalina.core.ApplicationContext.log Manager: list: Listing contexts for virtual host 'localhost'
07-Jun-2018 22:38:14.980 INFO [http-nio-8085-exec-64] org.apache.catalina.core.ApplicationContext.log Manager: list: Listing contexts for virtual host 'localhost'
07-Jun-2018 22:38:45.315 INFO [http-nio-8085-exec-67] org.apache.catalina.core.ApplicationContext.log Manager: list: Listing contexts for virtual host 'localhost'
07-Jun-2018 22:39:07.027 INFO [http-nio-8085-exec-65] org.apache.catalina.core.ApplicationContext.log Manager: list: Listing contexts for virtual host 'localhost'
07-Jun-2018 22:39:32.955 INFO [http-nio-8085-exec-61] org.apache.catalina.core.ApplicationContext.log Manager: list: Listing contexts for virtual host 'localhost'
07-Jun-2018 22:39:50.790 INFO [http-nio-8085-exec-66] org.apache.catalina.core.ApplicationContext.log Manager: list: Listing contexts for virtual host 'localhost'
07-Jun-2018 22:40:54.706 INFO [http-nio-8085-exec-59] org.apache.catalina.core.ApplicationContext.log Manager: list: Listing contexts for virtual host 'localhost'
07-Jun-2018 22:41:48.470 INFO [http-nio-8085-exec-68] org.apache.catalina.core.ApplicationContext.log Manager: list: Listing contexts for virtual host 'localhost'
07-Jun-2018 22:43:34.097 INFO [http-nio-8085-exec-63] org.apache.catalina.core.ApplicationContext.log Manager: list: Listing contexts for virtual host 'localhost'
07-Jun-2018 22:44:27.296 INFO [http-nio-8085-exec-62] org.apache.catalina.core.ApplicationContext.log Manager: list: Listing contexts for virtual host 'localhost'
07-Jun-2018 22:44:38.658 INFO [http-nio-8085-exec-67] org.apache.catalina.core.ApplicationContext.log Manager: list: Listing contexts for virtual host 'localhost'
07-Jun-2018 22:46:18.973 INFO [http-nio-8085-exec-60] org.apache.catalina.core.ApplicationContext.log Manager: list: Listing contexts for virtual host 'localhost'
07-Jun-2018 22:46:39.768 INFO [http-nio-8085-exec-63] org.apache.catalina.core.ApplicationContext.log Manager: list: Listing contexts for virtual host 'localhost'
07-Jun-2018 22:56:51.595 INFO [http-nio-8085-exec-62] org.apache.catalina.core.ApplicationContext.log Manager: list: Listing contexts for virtual host 'localhost'
07-Jun-2018 22:56:51.686 INFO [http-nio-8085-exec-66] org.apache.catalina.core.ApplicationContext.log Manager: list: Listing contexts for virtual host 'localhost'
07-Jun-2018 22:57:06.277 INFO [http-nio-8085-exec-62] org.apache.catalina.core.ApplicationContext.log Manager: list: Listing contexts for virtual host 'localhost'
07-Jun-2018 22:57:19.274 INFO [http-nio-8085-exec-60] org.apache.catalina.core.ApplicationContext.log Manager: list: Listing contexts for virtual host 'localhost'
07-Jun-2018 22:58:53.398 INFO [http-nio-8085-exec-59] org.apache.catalina.core.ApplicationContext.log Manager: list: Listing contexts for virtual host 'localhost'
07-Jun-2018 22:58:53.865 INFO [http-nio-8085-exec-60] org.apache.catalina.core.ApplicationContext.log Manager: list: Listing contexts for virtual host 'localhost'
07-Jun-2018 22:59:52.472 INFO [http-nio-8085-exec-64] org.apache.catalina.core.ApplicationContext.log Manager: list: Listing contexts for virtual host 'localhost'
07-Jun-2018 23:00:24.715 INFO [http-nio-8085-exec-67] org.apache.catalina.core.ApplicationContext.log Manager: list: Listing contexts for virtual host 'localhost'
07-Jun-2018 23:02:27.729 INFO [http-nio-8085-exec-59] org.apache.catalina.core.ApplicationContext.log Manager: list: Listing contexts for virtual host 'localhost'
07-Jun-2018 23:08:07.033 INFO [http-nio-8085-exec-64] org.apache.catalina.core.ApplicationContext.log Manager: list: Listing contexts for virtual host 'localhost'
07-Jun-2018 23:14:36.025 INFO [http-nio-8085-exec-64] org.apache.catalina.core.ApplicationContext.log Manager: list: Listing contexts for virtual host 'localhost'
07-Jun-2018 23:15:26.503 INFO [http-nio-8085-exec-59] org.apache.catalina.core.ApplicationContext.log Manager: list: Listing contexts for virtual host 'localhost'
07-Jun-2018 23:18:16.572 INFO [http-nio-8085-exec-66] org.apache.catalina.core.ApplicationContext.log Manager: list: Listing contexts for virtual host 'localhost'
07-Jun-2018 23:19:44.419 INFO [http-nio-8085-exec-61] org.apache.catalina.core.ApplicationContext.log Manager: list: Listing contexts for virtual host 'localhost'
07-Jun-2018 23:24:36.692 INFO [http-nio-8085-exec-64] org.apache.catalina.core.ApplicationContext.log Manager: list: Listing contexts for virtual host 'localhost'
07-Jun-2018 23:24:57.729 INFO [http-nio-8085-exec-59] org.apache.catalina.core.ApplicationContext.log Manager: list: Listing contexts for virtual host 'localhost'
07-Jun-2018 23:44:43.228 INFO [http-nio-8085-exec-61] org.apache.catalina.core.ApplicationContext.log Manager: list: Listing contexts for virtual host 'localhost'
07-Jun-2018 23:45:52.829 INFO [http-nio-8085-exec-59] org.apache.catalina.core.ApplicationContext.log Manager: list: Listing contexts for virtual host 'localhost'
07-Jun-2018 23:52:32.669 INFO [http-nio-8085-exec-63] org.apache.catalina.core.ApplicationContext.log Manager: list: Listing contexts for virtual host 'localhost'
07-Jun-2018 23:52:58.049 INFO [http-nio-8085-exec-65] org.apache.catalina.core.ApplicationContext.log Manager: list: Listing contexts for virtual host 'localhost'
07-Jun-2018 23:54:01.516 INFO [http-nio-8085-exec-59] org.apache.catalina.core.ApplicationContext.log Manager: list: Listing contexts for virtual host 'localhost'
07-Jun-2018 23:54:59.951 INFO [http-nio-8085-exec-65] org.apache.catalina.core.ApplicationContext.log Manager: list: Listing contexts for virtual host 'localhost'
07-Jun-2018 23:56:02.987 INFO [http-nio-8085-exec-64] org.apache.catalina.core.ApplicationContext.log Manager: list: Listing contexts for virtual host 'localhost'
07-Jun-2018 23:56:29.381 INFO [http-nio-8085-exec-62] org.apache.catalina.core.ApplicationContext.log Manager: list: Listing contexts for virtual host 'localhost'
