05-Jun-2018 19:42:35.209 INFO [http-nio-8085-exec-32] org.apache.catalina.core.ApplicationContext.log Manager: init: Associated with Deployer 'Catalina:type=Deployer,host=localhost'
05-Jun-2018 19:42:35.210 INFO [http-nio-8085-exec-32] org.apache.catalina.core.ApplicationContext.log Manager: init: Global resources are available
05-Jun-2018 19:42:35.213 INFO [http-nio-8085-exec-32] org.apache.catalina.core.ApplicationContext.log Manager: list: Listing contexts for virtual host 'localhost'
05-Jun-2018 19:42:36.349 INFO [http-nio-8085-exec-33] org.apache.catalina.core.ApplicationContext.log Manager: undeploy: Undeploying web application at '/'
05-Jun-2018 19:42:36.883 INFO [http-nio-8085-exec-29] org.apache.catalina.core.ApplicationContext.log Manager: install: Installing context configuration at 'file:/tmp/context8547525390937498412.xml'
05-Jun-2018 19:42:39.392 INFO [http-nio-8085-exec-32] org.apache.catalina.core.ApplicationContext.log Manager: start: Starting web application '/'
05-Jun-2018 19:43:52.395 INFO [http-nio-8085-exec-44] org.apache.catalina.core.ApplicationContext.log Manager: list: Listing contexts for virtual host 'localhost'
05-Jun-2018 19:43:52.404 INFO [http-nio-8085-exec-27] org.apache.catalina.core.ApplicationContext.log Manager: list: Listing contexts for virtual host 'localhost'
05-Jun-2018 19:43:52.448 INFO [http-nio-8085-exec-41] org.apache.catalina.core.ApplicationContext.log Manager: undeploy: Undeploying web application at '/'
05-Jun-2018 19:43:53.019 INFO [http-nio-8085-exec-39] org.apache.catalina.core.ApplicationContext.log Manager: install: Installing context configuration at 'file:/tmp/context79054216164855620.xml'
05-Jun-2018 19:43:54.852 INFO [http-nio-8085-exec-46] org.apache.catalina.core.ApplicationContext.log Manager: start: Starting web application '/'
05-Jun-2018 21:37:09.336 INFO [http-nio-8085-exec-49] org.apache.catalina.core.ApplicationContext.log Manager: list: Listing contexts for virtual host 'localhost'
05-Jun-2018 21:37:09.516 INFO [http-nio-8085-exec-53] org.apache.catalina.core.ApplicationContext.log Manager: list: Listing contexts for virtual host 'localhost'
05-Jun-2018 21:37:10.197 INFO [http-nio-8085-exec-47] org.apache.catalina.core.ApplicationContext.log Manager: undeploy: Undeploying web application at '/'
05-Jun-2018 21:37:18.133 INFO [http-nio-8085-exec-51] org.apache.catalina.core.ApplicationContext.log Manager: install: Installing context configuration at 'file:/tmp/context4272724827277126555.xml'
05-Jun-2018 21:37:58.160 INFO [http-nio-8085-exec-55] org.apache.catalina.core.ApplicationContext.log Manager: start: Starting web application '/'
05-Jun-2018 23:19:12.827 INFO [http-nio-8085-exec-56] org.apache.catalina.core.ApplicationContext.log Manager: list: Listing contexts for virtual host 'localhost'
05-Jun-2018 23:19:58.089 INFO [http-nio-8085-exec-58] org.apache.catalina.core.ApplicationContext.log Manager: list: Listing contexts for virtual host 'localhost'
05-Jun-2018 23:19:58.234 INFO [http-nio-8085-exec-65] org.apache.catalina.core.ApplicationContext.log Manager: undeploy: Undeploying web application at '/'
05-Jun-2018 23:22:10.929 INFO [http-nio-8085-exec-61] org.apache.catalina.core.ApplicationContext.log Manager: list: Listing contexts for virtual host 'localhost'
05-Jun-2018 23:22:16.928 INFO [http-nio-8085-exec-61] org.apache.catalina.core.ApplicationContext.log Manager: list: Listing contexts for virtual host 'localhost'
05-Jun-2018 23:22:16.934 INFO [http-nio-8085-exec-71] org.apache.catalina.core.ApplicationContext.log Manager: list: Listing contexts for virtual host 'localhost'
05-Jun-2018 23:22:17.494 INFO [http-nio-8085-exec-60] org.apache.catalina.core.ApplicationContext.log Manager: install: Installing context configuration at 'file:/tmp/context7715120571672880854.xml'
05-Jun-2018 23:22:21.079 INFO [http-nio-8085-exec-66] org.apache.catalina.core.ApplicationContext.log Manager: start: Starting web application '/'
05-Jun-2018 23:24:59.692 INFO [http-nio-8085-exec-75] org.apache.catalina.core.ApplicationContext.log Manager: list: Listing contexts for virtual host 'localhost'
05-Jun-2018 23:25:50.353 INFO [http-nio-8085-exec-74] org.apache.catalina.core.ApplicationContext.log Manager: list: Listing contexts for virtual host 'localhost'
05-Jun-2018 23:30:59.477 INFO [http-nio-8085-exec-72] org.apache.catalina.core.ApplicationContext.log Manager: list: Listing contexts for virtual host 'localhost'
05-Jun-2018 23:31:24.922 INFO [http-nio-8085-exec-68] org.apache.catalina.core.ApplicationContext.log Manager: list: Listing contexts for virtual host 'localhost'
05-Jun-2018 23:31:34.113 INFO [http-nio-8085-exec-75] org.apache.catalina.core.ApplicationContext.log Manager: list: Listing contexts for virtual host 'localhost'
05-Jun-2018 23:40:54.519 INFO [http-nio-8085-exec-71] org.apache.catalina.core.ApplicationContext.log Manager: list: Listing contexts for virtual host 'localhost'
05-Jun-2018 23:49:12.853 INFO [http-nio-8085-exec-75] org.apache.catalina.core.ApplicationContext.log Manager: list: Listing contexts for virtual host 'localhost'
05-Jun-2018 23:51:57.019 INFO [http-nio-8085-exec-67] org.apache.catalina.core.ApplicationContext.log Manager: list: Listing contexts for virtual host 'localhost'
05-Jun-2018 23:55:20.684 INFO [http-nio-8085-exec-66] org.apache.catalina.core.ApplicationContext.log Manager: list: Listing contexts for virtual host 'localhost'
05-Jun-2018 23:55:20.692 INFO [http-nio-8085-exec-67] org.apache.catalina.core.ApplicationContext.log Manager: list: Listing contexts for virtual host 'localhost'
05-Jun-2018 23:55:20.883 INFO [http-nio-8085-exec-69] org.apache.catalina.core.ApplicationContext.log Manager: undeploy: Undeploying web application at '/'
05-Jun-2018 23:55:21.765 INFO [http-nio-8085-exec-74] org.apache.catalina.core.ApplicationContext.log Manager: install: Installing context configuration at 'file:/tmp/context4997293632417962543.xml'
05-Jun-2018 23:55:27.612 INFO [http-nio-8085-exec-70] org.apache.catalina.core.ApplicationContext.log Manager: start: Starting web application '/'
05-Jun-2018 23:55:59.955 INFO [http-nio-8085-exec-78] org.apache.catalina.core.ApplicationContext.log Manager: list: Listing contexts for virtual host 'localhost'
05-Jun-2018 23:55:59.971 INFO [http-nio-8085-exec-79] org.apache.catalina.core.ApplicationContext.log Manager: list: Listing contexts for virtual host 'localhost'
05-Jun-2018 23:55:59.997 INFO [http-nio-8085-exec-80] org.apache.catalina.core.ApplicationContext.log Manager: undeploy: Undeploying web application at '/'
05-Jun-2018 23:56:00.604 INFO [http-nio-8085-exec-77] org.apache.catalina.core.ApplicationContext.log Manager: install: Installing context configuration at 'file:/tmp/context5042369416278312825.xml'
05-Jun-2018 23:56:02.411 INFO [http-nio-8085-exec-70] org.apache.catalina.core.ApplicationContext.log Manager: start: Starting web application '/'
