10-Jun-2018 14:12:47.517 INFO [http-nio-8085-exec-68] org.apache.catalina.core.ApplicationContext.log Manager: list: Listing contexts for virtual host 'localhost'
10-Jun-2018 14:12:47.964 INFO [http-nio-8085-exec-65] org.apache.catalina.core.ApplicationContext.log Manager: list: Listing contexts for virtual host 'localhost'
10-Jun-2018 14:12:58.172 INFO [http-nio-8085-exec-66] org.apache.catalina.core.ApplicationContext.log Manager: list: Listing contexts for virtual host 'localhost'
10-Jun-2018 14:27:04.012 INFO [http-nio-8085-exec-68] org.apache.catalina.core.ApplicationContext.log Manager: list: Listing contexts for virtual host 'localhost'
10-Jun-2018 14:27:04.460 INFO [http-nio-8085-exec-66] org.apache.catalina.core.ApplicationContext.log Manager: list: Listing contexts for virtual host 'localhost'
10-Jun-2018 14:27:20.336 INFO [http-nio-8085-exec-60] org.apache.catalina.core.ApplicationContext.log Manager: list: Listing contexts for virtual host 'localhost'
10-Jun-2018 14:27:20.341 INFO [http-nio-8085-exec-67] org.apache.catalina.core.ApplicationContext.log Manager: list: Listing contexts for virtual host 'localhost'
10-Jun-2018 14:27:20.498 INFO [http-nio-8085-exec-64] org.apache.catalina.core.ApplicationContext.log Manager: undeploy: Undeploying web application at '/'
10-Jun-2018 14:27:22.078 INFO [http-nio-8085-exec-67] org.apache.catalina.core.ApplicationContext.log Manager: install: Installing context configuration at 'file:/tmp/context3822247971956581632.xml'
10-Jun-2018 14:27:31.446 INFO [http-nio-8085-exec-61] org.apache.catalina.core.ApplicationContext.log Manager: start: Starting web application '/'
10-Jun-2018 14:28:46.618 INFO [http-nio-8085-exec-60] org.apache.catalina.core.ApplicationContext.log Manager: list: Listing contexts for virtual host 'localhost'
10-Jun-2018 14:29:10.153 INFO [http-nio-8085-exec-72] org.apache.catalina.core.ApplicationContext.log Manager: list: Listing contexts for virtual host 'localhost'
10-Jun-2018 14:32:27.153 INFO [http-nio-8085-exec-72] org.apache.catalina.core.ApplicationContext.log Manager: list: Listing contexts for virtual host 'localhost'
10-Jun-2018 14:33:03.323 INFO [http-nio-8085-exec-76] org.apache.catalina.core.ApplicationContext.log Manager: list: Listing contexts for virtual host 'localhost'
10-Jun-2018 14:33:48.237 INFO [http-nio-8085-exec-76] org.apache.catalina.core.ApplicationContext.log Manager: list: Listing contexts for virtual host 'localhost'
10-Jun-2018 14:33:48.265 INFO [http-nio-8085-exec-69] org.apache.catalina.core.ApplicationContext.log Manager: undeploy: Undeploying web application at '/'
10-Jun-2018 14:35:22.824 INFO [http-nio-8085-exec-72] org.apache.catalina.core.ApplicationContext.log Manager: list: Listing contexts for virtual host 'localhost'
10-Jun-2018 14:35:22.832 INFO [http-nio-8085-exec-81] org.apache.catalina.core.ApplicationContext.log Manager: list: Listing contexts for virtual host 'localhost'
10-Jun-2018 14:35:22.889 INFO [http-nio-8085-exec-79] org.apache.catalina.core.ApplicationContext.log Manager: install: Installing context configuration at 'file:/tmp/context5280889069056709742.xml'
10-Jun-2018 14:35:26.336 INFO [http-nio-8085-exec-80] org.apache.catalina.core.ApplicationContext.log Manager: start: Starting web application '/'
10-Jun-2018 14:38:07.233 INFO [http-nio-8085-exec-82] org.apache.catalina.core.ApplicationContext.log Manager: list: Listing contexts for virtual host 'localhost'
10-Jun-2018 14:38:11.436 INFO [http-nio-8085-exec-86] org.apache.catalina.core.ApplicationContext.log Manager: list: Listing contexts for virtual host 'localhost'
10-Jun-2018 14:39:18.746 INFO [http-nio-8085-exec-84] org.apache.catalina.core.ApplicationContext.log Manager: list: Listing contexts for virtual host 'localhost'
10-Jun-2018 14:39:53.439 INFO [http-nio-8085-exec-83] org.apache.catalina.core.ApplicationContext.log Manager: list: Listing contexts for virtual host 'localhost'
10-Jun-2018 14:40:11.410 INFO [http-nio-8085-exec-85] org.apache.catalina.core.ApplicationContext.log Manager: list: Listing contexts for virtual host 'localhost'
10-Jun-2018 14:41:10.182 INFO [http-nio-8085-exec-79] org.apache.catalina.core.ApplicationContext.log Manager: list: Listing contexts for virtual host 'localhost'
10-Jun-2018 16:54:34.449 INFO [http-nio-8085-exec-82] org.apache.catalina.core.ApplicationContext.log Manager: list: Listing contexts for virtual host 'localhost'
10-Jun-2018 16:58:33.859 INFO [http-nio-8085-exec-82] org.apache.catalina.core.ApplicationContext.log Manager: list: Listing contexts for virtual host 'localhost'
10-Jun-2018 16:58:42.378 INFO [http-nio-8085-exec-82] org.apache.catalina.core.ApplicationContext.log Manager: list: Listing contexts for virtual host 'localhost'
10-Jun-2018 16:58:50.762 INFO [http-nio-8085-exec-82] org.apache.catalina.core.ApplicationContext.log Manager: list: Listing contexts for virtual host 'localhost'
10-Jun-2018 16:59:09.748 INFO [http-nio-8085-exec-82] org.apache.catalina.core.ApplicationContext.log Manager: list: Listing contexts for virtual host 'localhost'
10-Jun-2018 16:59:17.156 INFO [http-nio-8085-exec-82] org.apache.catalina.core.ApplicationContext.log Manager: list: Listing contexts for virtual host 'localhost'
10-Jun-2018 16:59:43.649 INFO [http-nio-8085-exec-82] org.apache.catalina.core.ApplicationContext.log Manager: list: Listing contexts for virtual host 'localhost'
10-Jun-2018 17:00:30.935 INFO [http-nio-8085-exec-82] org.apache.catalina.core.ApplicationContext.log Manager: list: Listing contexts for virtual host 'localhost'
10-Jun-2018 17:00:35.204 INFO [http-nio-8085-exec-88] org.apache.catalina.core.ApplicationContext.log Manager: list: Listing contexts for virtual host 'localhost'
10-Jun-2018 17:01:39.218 INFO [http-nio-8085-exec-87] org.apache.catalina.core.ApplicationContext.log Manager: list: Listing contexts for virtual host 'localhost'
10-Jun-2018 17:01:39.355 INFO [http-nio-8085-exec-80] org.apache.catalina.core.ApplicationContext.log Manager: undeploy: Undeploying web application at '/'
10-Jun-2018 17:03:06.729 INFO [http-nio-8085-exec-81] org.apache.catalina.core.ApplicationContext.log Manager: list: Listing contexts for virtual host 'localhost'
10-Jun-2018 17:03:13.506 INFO [http-nio-8085-exec-82] org.apache.catalina.core.ApplicationContext.log Manager: list: Listing contexts for virtual host 'localhost'
10-Jun-2018 17:03:23.373 INFO [http-nio-8085-exec-88] org.apache.catalina.core.ApplicationContext.log Manager: list: Listing contexts for virtual host 'localhost'
10-Jun-2018 17:03:33.130 INFO [http-nio-8085-exec-89] org.apache.catalina.core.ApplicationContext.log Manager: list: Listing contexts for virtual host 'localhost'
10-Jun-2018 17:04:23.812 INFO [http-nio-8085-exec-91] org.apache.catalina.core.ApplicationContext.log Manager: list: Listing contexts for virtual host 'localhost'
10-Jun-2018 17:08:40.857 INFO [http-nio-8085-exec-93] org.apache.catalina.core.ApplicationContext.log Manager: list: Listing contexts for virtual host 'localhost'
10-Jun-2018 17:08:50.091 INFO [http-nio-8085-exec-93] org.apache.catalina.core.ApplicationContext.log Manager: list: Listing contexts for virtual host 'localhost'
10-Jun-2018 17:08:50.097 INFO [http-nio-8085-exec-94] org.apache.catalina.core.ApplicationContext.log Manager: list: Listing contexts for virtual host 'localhost'
10-Jun-2018 17:08:50.171 INFO [http-nio-8085-exec-91] org.apache.catalina.core.ApplicationContext.log Manager: install: Installing context configuration at 'file:/tmp/context5318574001013032973.xml'
10-Jun-2018 17:08:57.969 INFO [http-nio-8085-exec-89] org.apache.catalina.core.ApplicationContext.log Manager: start: Starting web application '/'
10-Jun-2018 17:10:34.216 INFO [http-nio-8085-exec-96] org.apache.catalina.core.ApplicationContext.log Manager: list: Listing contexts for virtual host 'localhost'
10-Jun-2018 17:10:48.627 INFO [http-nio-8085-exec-97] org.apache.catalina.core.ApplicationContext.log Manager: list: Listing contexts for virtual host 'localhost'
10-Jun-2018 17:11:58.809 INFO [http-nio-8085-exec-89] org.apache.catalina.core.ApplicationContext.log Manager: list: Listing contexts for virtual host 'localhost'
10-Jun-2018 17:15:20.029 INFO [http-nio-8085-exec-92] org.apache.catalina.core.ApplicationContext.log Manager: list: Listing contexts for virtual host 'localhost'
10-Jun-2018 17:20:02.988 INFO [http-nio-8085-exec-98] org.apache.catalina.core.ApplicationContext.log Manager: list: Listing contexts for virtual host 'localhost'
10-Jun-2018 17:20:15.500 INFO [http-nio-8085-exec-98] org.apache.catalina.core.ApplicationContext.log Manager: list: Listing contexts for virtual host 'localhost'
10-Jun-2018 17:22:23.137 INFO [http-nio-8085-exec-98] org.apache.catalina.core.ApplicationContext.log Manager: list: Listing contexts for virtual host 'localhost'
10-Jun-2018 17:22:29.611 INFO [http-nio-8085-exec-92] org.apache.catalina.core.ApplicationContext.log Manager: list: Listing contexts for virtual host 'localhost'
10-Jun-2018 17:22:29.663 INFO [http-nio-8085-exec-97] org.apache.catalina.core.ApplicationContext.log Manager: undeploy: Undeploying web application at '/'
10-Jun-2018 17:22:51.537 INFO [http-nio-8085-exec-98] org.apache.catalina.core.ApplicationContext.log Manager: list: Listing contexts for virtual host 'localhost'
10-Jun-2018 17:22:55.855 INFO [http-nio-8085-exec-95] org.apache.catalina.core.ApplicationContext.log Manager: list: Listing contexts for virtual host 'localhost'
10-Jun-2018 17:22:55.859 INFO [http-nio-8085-exec-98] org.apache.catalina.core.ApplicationContext.log Manager: list: Listing contexts for virtual host 'localhost'
10-Jun-2018 17:22:55.884 INFO [http-nio-8085-exec-100] org.apache.catalina.core.ApplicationContext.log Manager: install: Installing context configuration at 'file:/tmp/context7539042230450007248.xml'
10-Jun-2018 17:22:58.549 INFO [http-nio-8085-exec-101] org.apache.catalina.core.ApplicationContext.log Manager: start: Starting web application '/'
10-Jun-2018 17:24:05.349 INFO [http-nio-8085-exec-104] org.apache.catalina.core.ApplicationContext.log Manager: list: Listing contexts for virtual host 'localhost'
10-Jun-2018 17:24:05.355 INFO [http-nio-8085-exec-99] org.apache.catalina.core.ApplicationContext.log Manager: list: Listing contexts for virtual host 'localhost'
10-Jun-2018 17:24:05.382 INFO [http-nio-8085-exec-100] org.apache.catalina.core.ApplicationContext.log Manager: undeploy: Undeploying web application at '/'
10-Jun-2018 17:24:05.924 INFO [http-nio-8085-exec-104] org.apache.catalina.core.ApplicationContext.log Manager: install: Installing context configuration at 'file:/tmp/context9195080464130907089.xml'
10-Jun-2018 17:24:08.695 INFO [http-nio-8085-exec-106] org.apache.catalina.core.ApplicationContext.log Manager: start: Starting web application '/'
10-Jun-2018 17:28:46.498 INFO [http-nio-8085-exec-109] org.apache.catalina.core.ApplicationContext.log Manager: list: Listing contexts for virtual host 'localhost'
10-Jun-2018 17:29:35.132 INFO [http-nio-8085-exec-109] org.apache.catalina.core.ApplicationContext.log Manager: list: Listing contexts for virtual host 'localhost'
10-Jun-2018 17:30:03.824 INFO [http-nio-8085-exec-109] org.apache.catalina.core.ApplicationContext.log Manager: list: Listing contexts for virtual host 'localhost'
10-Jun-2018 17:38:55.608 INFO [http-nio-8085-exec-118] org.apache.catalina.core.ApplicationContext.log Manager: list: Listing contexts for virtual host 'localhost'
10-Jun-2018 17:42:49.583 INFO [http-nio-8085-exec-115] org.apache.catalina.core.ApplicationContext.log Manager: list: Listing contexts for virtual host 'localhost'
10-Jun-2018 17:51:38.074 INFO [http-nio-8085-exec-118] org.apache.catalina.core.ApplicationContext.log Manager: list: Listing contexts for virtual host 'localhost'
10-Jun-2018 17:51:38.149 INFO [http-nio-8085-exec-114] org.apache.catalina.core.ApplicationContext.log Manager: restart: Reloading web application '/'
10-Jun-2018 17:52:16.175 INFO [http-nio-8085-exec-112] org.apache.catalina.core.ApplicationContext.log Manager: list: Listing contexts for virtual host 'localhost'
10-Jun-2018 17:52:16.205 INFO [http-nio-8085-exec-120] org.apache.catalina.core.ApplicationContext.log Manager: list: Listing contexts for virtual host 'localhost'
10-Jun-2018 17:52:16.316 INFO [http-nio-8085-exec-113] org.apache.catalina.core.ApplicationContext.log Manager: undeploy: Undeploying web application at '/'
10-Jun-2018 17:52:17.225 INFO [http-nio-8085-exec-111] org.apache.catalina.core.ApplicationContext.log Manager: install: Installing context configuration at 'file:/tmp/context3882788934572568103.xml'
10-Jun-2018 17:52:22.400 INFO [http-nio-8085-exec-121] org.apache.catalina.core.ApplicationContext.log Manager: start: Starting web application '/'
10-Jun-2018 17:55:26.620 INFO [http-nio-8085-exec-125] org.apache.catalina.core.ApplicationContext.log Manager: list: Listing contexts for virtual host 'localhost'
10-Jun-2018 18:06:50.174 INFO [http-nio-8085-exec-128] org.apache.catalina.core.ApplicationContext.log Manager: list: Listing contexts for virtual host 'localhost'
10-Jun-2018 18:06:50.179 INFO [http-nio-8085-exec-131] org.apache.catalina.core.ApplicationContext.log Manager: list: Listing contexts for virtual host 'localhost'
10-Jun-2018 18:06:50.231 INFO [http-nio-8085-exec-127] org.apache.catalina.core.ApplicationContext.log Manager: undeploy: Undeploying web application at '/'
10-Jun-2018 18:06:50.878 INFO [http-nio-8085-exec-124] org.apache.catalina.core.ApplicationContext.log Manager: install: Installing context configuration at 'file:/tmp/context7449751932604145727.xml'
10-Jun-2018 18:06:53.766 INFO [http-nio-8085-exec-122] org.apache.catalina.core.ApplicationContext.log Manager: start: Starting web application '/'
10-Jun-2018 18:11:22.621 INFO [http-nio-8085-exec-17] org.apache.catalina.core.ApplicationContext.log Manager: init: Associated with Deployer 'Catalina:type=Deployer,host=localhost'
10-Jun-2018 18:11:22.622 INFO [http-nio-8085-exec-17] org.apache.catalina.core.ApplicationContext.log Manager: init: Global resources are available
10-Jun-2018 18:11:22.623 INFO [http-nio-8085-exec-17] org.apache.catalina.core.ApplicationContext.log Manager: list: Listing contexts for virtual host 'localhost'
10-Jun-2018 18:11:22.645 INFO [http-nio-8085-exec-1] org.apache.catalina.core.ApplicationContext.log Manager: list: Listing contexts for virtual host 'localhost'
10-Jun-2018 18:11:22.679 INFO [http-nio-8085-exec-12] org.apache.catalina.core.ApplicationContext.log Manager: undeploy: Undeploying web application at '/'
10-Jun-2018 18:11:23.379 INFO [http-nio-8085-exec-13] org.apache.catalina.core.ApplicationContext.log Manager: install: Installing context configuration at 'file:/tmp/context8308482518617603981.xml'
10-Jun-2018 18:11:25.393 INFO [http-nio-8085-exec-19] org.apache.catalina.core.ApplicationContext.log Manager: start: Starting web application '/'
10-Jun-2018 18:15:53.401 INFO [http-nio-8085-exec-39] org.apache.catalina.core.ApplicationContext.log Manager: list: Listing contexts for virtual host 'localhost'
10-Jun-2018 18:15:53.445 INFO [http-nio-8085-exec-40] org.apache.catalina.core.ApplicationContext.log Manager: undeploy: Undeploying web application at '/'
10-Jun-2018 18:20:37.883 INFO [http-nio-8085-exec-41] org.apache.catalina.core.ApplicationContext.log Manager: list: Listing contexts for virtual host 'localhost'
10-Jun-2018 18:20:51.910 INFO [http-nio-8085-exec-51] org.apache.catalina.core.ApplicationContext.log Manager: list: Listing contexts for virtual host 'localhost'
10-Jun-2018 18:20:51.922 INFO [http-nio-8085-exec-46] org.apache.catalina.core.ApplicationContext.log Manager: list: Listing contexts for virtual host 'localhost'
10-Jun-2018 18:20:51.945 INFO [http-nio-8085-exec-54] org.apache.catalina.core.ApplicationContext.log Manager: install: Installing context configuration at 'file:/tmp/context3478471582398692733.xml'
10-Jun-2018 18:20:54.249 INFO [http-nio-8085-exec-47] org.apache.catalina.core.ApplicationContext.log Manager: start: Starting web application '/'
10-Jun-2018 18:21:00.244 INFO [http-nio-8085-exec-54] org.apache.catalina.core.ApplicationContext.log Manager: list: Listing contexts for virtual host 'localhost'
10-Jun-2018 18:21:00.282 INFO [http-nio-8085-exec-47] org.apache.catalina.core.ApplicationContext.log Manager: undeploy: Undeploying web application at '/'
10-Jun-2018 18:21:14.792 INFO [http-nio-8085-exec-47] org.apache.catalina.core.ApplicationContext.log Manager: list: Listing contexts for virtual host 'localhost'
10-Jun-2018 18:21:14.808 INFO [http-nio-8085-exec-56] org.apache.catalina.core.ApplicationContext.log Manager: list: Listing contexts for virtual host 'localhost'
10-Jun-2018 18:21:14.830 INFO [http-nio-8085-exec-52] org.apache.catalina.core.ApplicationContext.log Manager: install: Installing context configuration at 'file:/tmp/context7359258059815832825.xml'
10-Jun-2018 18:21:16.604 INFO [http-nio-8085-exec-57] org.apache.catalina.core.ApplicationContext.log Manager: start: Starting web application '/'
10-Jun-2018 18:24:15.570 INFO [http-nio-8085-exec-62] org.apache.catalina.core.ApplicationContext.log Manager: list: Listing contexts for virtual host 'localhost'
10-Jun-2018 18:24:35.001 INFO [http-nio-8085-exec-64] org.apache.catalina.core.ApplicationContext.log Manager: list: Listing contexts for virtual host 'localhost'
10-Jun-2018 18:24:45.961 INFO [http-nio-8085-exec-56] org.apache.catalina.core.ApplicationContext.log Manager: list: Listing contexts for virtual host 'localhost'
10-Jun-2018 18:24:54.373 INFO [http-nio-8085-exec-56] org.apache.catalina.core.ApplicationContext.log Manager: list: Listing contexts for virtual host 'localhost'
10-Jun-2018 18:25:06.643 INFO [http-nio-8085-exec-58] org.apache.catalina.core.ApplicationContext.log Manager: list: Listing contexts for virtual host 'localhost'
10-Jun-2018 18:25:10.911 INFO [http-nio-8085-exec-60] org.apache.catalina.core.ApplicationContext.log Manager: list: Listing contexts for virtual host 'localhost'
10-Jun-2018 18:25:18.419 INFO [http-nio-8085-exec-60] org.apache.catalina.core.ApplicationContext.log Manager: list: Listing contexts for virtual host 'localhost'
10-Jun-2018 18:25:23.244 INFO [http-nio-8085-exec-62] org.apache.catalina.core.ApplicationContext.log Manager: list: Listing contexts for virtual host 'localhost'
10-Jun-2018 18:25:23.253 INFO [http-nio-8085-exec-63] org.apache.catalina.core.ApplicationContext.log Manager: list: Listing contexts for virtual host 'localhost'
10-Jun-2018 18:25:23.273 INFO [http-nio-8085-exec-64] org.apache.catalina.core.ApplicationContext.log Manager: undeploy: Undeploying web application at '/'
10-Jun-2018 18:25:23.828 INFO [http-nio-8085-exec-59] org.apache.catalina.core.ApplicationContext.log Manager: install: Installing context configuration at 'file:/tmp/context3345696214000002105.xml'
10-Jun-2018 18:25:26.528 INFO [http-nio-8085-exec-57] org.apache.catalina.core.ApplicationContext.log Manager: start: Starting web application '/'
10-Jun-2018 18:26:08.777 INFO [http-nio-8085-exec-63] org.apache.catalina.core.ApplicationContext.log Manager: list: Listing contexts for virtual host 'localhost'
10-Jun-2018 18:26:08.800 INFO [http-nio-8085-exec-69] org.apache.catalina.core.ApplicationContext.log Manager: list: Listing contexts for virtual host 'localhost'
10-Jun-2018 18:26:08.827 INFO [http-nio-8085-exec-66] org.apache.catalina.core.ApplicationContext.log Manager: undeploy: Undeploying web application at '/'
10-Jun-2018 18:26:09.387 INFO [http-nio-8085-exec-69] org.apache.catalina.core.ApplicationContext.log Manager: install: Installing context configuration at 'file:/tmp/context8475897968191048291.xml'
10-Jun-2018 18:26:11.263 INFO [http-nio-8085-exec-67] org.apache.catalina.core.ApplicationContext.log Manager: start: Starting web application '/'
10-Jun-2018 18:27:34.994 INFO [http-nio-8085-exec-62] org.apache.catalina.core.ApplicationContext.log Manager: list: Listing contexts for virtual host 'localhost'
10-Jun-2018 18:29:58.152 INFO [http-nio-8085-exec-74] org.apache.catalina.core.ApplicationContext.log Manager: list: Listing contexts for virtual host 'localhost'
10-Jun-2018 18:29:58.174 INFO [http-nio-8085-exec-75] org.apache.catalina.core.ApplicationContext.log Manager: undeploy: Undeploying web application at '/'
10-Jun-2018 18:33:09.890 INFO [http-nio-8085-exec-73] org.apache.catalina.core.ApplicationContext.log Manager: list: Listing contexts for virtual host 'localhost'
10-Jun-2018 18:33:23.375 INFO [http-nio-8085-exec-85] org.apache.catalina.core.ApplicationContext.log Manager: list: Listing contexts for virtual host 'localhost'
10-Jun-2018 18:33:23.388 INFO [http-nio-8085-exec-86] org.apache.catalina.core.ApplicationContext.log Manager: list: Listing contexts for virtual host 'localhost'
10-Jun-2018 18:33:23.425 INFO [http-nio-8085-exec-71] org.apache.catalina.core.ApplicationContext.log Manager: install: Installing context configuration at 'file:/tmp/context3146953603872612342.xml'
10-Jun-2018 18:33:25.628 INFO [http-nio-8085-exec-80] org.apache.catalina.core.ApplicationContext.log Manager: start: Starting web application '/'
10-Jun-2018 18:37:09.833 INFO [http-nio-8085-exec-89] org.apache.catalina.core.ApplicationContext.log Manager: list: Listing contexts for virtual host 'localhost'
10-Jun-2018 18:41:49.273 INFO [http-nio-8085-exec-18] org.apache.catalina.core.ApplicationContext.log Manager: init: Associated with Deployer 'Catalina:type=Deployer,host=localhost'
10-Jun-2018 18:41:49.274 INFO [http-nio-8085-exec-18] org.apache.catalina.core.ApplicationContext.log Manager: init: Global resources are available
10-Jun-2018 18:41:49.275 INFO [http-nio-8085-exec-18] org.apache.catalina.core.ApplicationContext.log Manager: list: Listing contexts for virtual host 'localhost'
10-Jun-2018 18:41:50.850 INFO [http-nio-8085-exec-11] org.apache.catalina.core.ApplicationContext.log Manager: list: Listing contexts for virtual host 'localhost'
10-Jun-2018 18:41:50.907 INFO [http-nio-8085-exec-7] org.apache.catalina.core.ApplicationContext.log Manager: undeploy: Undeploying web application at '/'
10-Jun-2018 18:41:51.555 INFO [http-nio-8085-exec-9] org.apache.catalina.core.ApplicationContext.log Manager: install: Installing context configuration at 'file:/tmp/context8746046610673662443.xml'
10-Jun-2018 18:41:54.142 INFO [http-nio-8085-exec-17] org.apache.catalina.core.ApplicationContext.log Manager: start: Starting web application '/'
10-Jun-2018 18:43:49.318 INFO [http-nio-8085-exec-22] org.apache.catalina.core.ApplicationContext.log Manager: list: Listing contexts for virtual host 'localhost'
10-Jun-2018 18:44:22.978 INFO [http-nio-8085-exec-34] org.apache.catalina.core.ApplicationContext.log Manager: list: Listing contexts for virtual host 'localhost'
10-Jun-2018 18:44:23.006 INFO [http-nio-8085-exec-33] org.apache.catalina.core.ApplicationContext.log Manager: undeploy: Undeploying web application at '/'
10-Jun-2018 18:44:43.969 INFO [http-nio-8085-exec-33] org.apache.catalina.core.ApplicationContext.log Manager: list: Listing contexts for virtual host 'localhost'
10-Jun-2018 18:44:43.980 INFO [http-nio-8085-exec-38] org.apache.catalina.core.ApplicationContext.log Manager: list: Listing contexts for virtual host 'localhost'
10-Jun-2018 18:44:44.000 INFO [http-nio-8085-exec-34] org.apache.catalina.core.ApplicationContext.log Manager: install: Installing context configuration at 'file:/tmp/context3155906698978303163.xml'
10-Jun-2018 18:44:46.425 INFO [http-nio-8085-exec-39] org.apache.catalina.core.ApplicationContext.log Manager: start: Starting web application '/'
10-Jun-2018 18:46:57.390 INFO [http-nio-8085-exec-46] org.apache.catalina.core.ApplicationContext.log Manager: list: Listing contexts for virtual host 'localhost'
10-Jun-2018 18:46:57.398 INFO [http-nio-8085-exec-47] org.apache.catalina.core.ApplicationContext.log Manager: list: Listing contexts for virtual host 'localhost'
10-Jun-2018 18:46:57.423 INFO [http-nio-8085-exec-38] org.apache.catalina.core.ApplicationContext.log Manager: undeploy: Undeploying web application at '/'
10-Jun-2018 18:46:58.017 INFO [http-nio-8085-exec-42] org.apache.catalina.core.ApplicationContext.log Manager: install: Installing context configuration at 'file:/tmp/context6163091213910807116.xml'
10-Jun-2018 18:47:00.993 INFO [http-nio-8085-exec-44] org.apache.catalina.core.ApplicationContext.log Manager: start: Starting web application '/'
10-Jun-2018 18:47:49.357 INFO [http-nio-8085-exec-52] org.apache.catalina.core.ApplicationContext.log Manager: list: Listing contexts for virtual host 'localhost'
10-Jun-2018 18:47:49.367 INFO [http-nio-8085-exec-45] org.apache.catalina.core.ApplicationContext.log Manager: list: Listing contexts for virtual host 'localhost'
10-Jun-2018 18:47:49.433 INFO [http-nio-8085-exec-53] org.apache.catalina.core.ApplicationContext.log Manager: undeploy: Undeploying web application at '/'
10-Jun-2018 18:47:50.224 INFO [http-nio-8085-exec-45] org.apache.catalina.core.ApplicationContext.log Manager: install: Installing context configuration at 'file:/tmp/context4750162298029090342.xml'
10-Jun-2018 18:47:58.147 INFO [http-nio-8085-exec-52] org.apache.catalina.core.ApplicationContext.log Manager: start: Starting web application '/'
10-Jun-2018 18:50:28.341 INFO [http-nio-8085-exec-56] org.apache.catalina.core.ApplicationContext.log Manager: list: Listing contexts for virtual host 'localhost'
10-Jun-2018 18:52:46.757 INFO [http-nio-8085-exec-54] org.apache.catalina.core.ApplicationContext.log Manager: list: Listing contexts for virtual host 'localhost'
10-Jun-2018 18:52:58.271 INFO [http-nio-8085-exec-54] org.apache.catalina.core.ApplicationContext.log Manager: list: Listing contexts for virtual host 'localhost'
10-Jun-2018 18:53:28.509 INFO [http-nio-8085-exec-60] org.apache.catalina.core.ApplicationContext.log Manager: list: Listing contexts for virtual host 'localhost'
10-Jun-2018 18:53:28.516 INFO [http-nio-8085-exec-56] org.apache.catalina.core.ApplicationContext.log Manager: list: Listing contexts for virtual host 'localhost'
10-Jun-2018 18:53:28.557 INFO [http-nio-8085-exec-58] org.apache.catalina.core.ApplicationContext.log Manager: undeploy: Undeploying web application at '/'
10-Jun-2018 18:53:29.174 INFO [http-nio-8085-exec-60] org.apache.catalina.core.ApplicationContext.log Manager: install: Installing context configuration at 'file:/tmp/context7108957968990525300.xml'
10-Jun-2018 18:53:32.168 INFO [http-nio-8085-exec-62] org.apache.catalina.core.ApplicationContext.log Manager: start: Starting web application '/'
10-Jun-2018 18:54:52.426 INFO [http-nio-8085-exec-57] org.apache.catalina.core.ApplicationContext.log Manager: list: Listing contexts for virtual host 'localhost'
10-Jun-2018 18:55:03.762 INFO [http-nio-8085-exec-65] org.apache.catalina.core.ApplicationContext.log Manager: list: Listing contexts for virtual host 'localhost'
10-Jun-2018 18:55:28.390 INFO [http-nio-8085-exec-65] org.apache.catalina.core.ApplicationContext.log Manager: list: Listing contexts for virtual host 'localhost'
10-Jun-2018 18:56:32.480 INFO [http-nio-8085-exec-67] org.apache.catalina.core.ApplicationContext.log Manager: list: Listing contexts for virtual host 'localhost'
10-Jun-2018 18:56:54.270 INFO [http-nio-8085-exec-69] org.apache.catalina.core.ApplicationContext.log Manager: list: Listing contexts for virtual host 'localhost'
10-Jun-2018 18:57:08.125 INFO [http-nio-8085-exec-67] org.apache.catalina.core.ApplicationContext.log Manager: list: Listing contexts for virtual host 'localhost'
10-Jun-2018 19:01:26.972 INFO [http-nio-8085-exec-74] org.apache.catalina.core.ApplicationContext.log Manager: list: Listing contexts for virtual host 'localhost'
10-Jun-2018 19:03:52.088 INFO [http-nio-8085-exec-74] org.apache.catalina.core.ApplicationContext.log Manager: list: Listing contexts for virtual host 'localhost'
10-Jun-2018 19:36:08.621 INFO [http-nio-8085-exec-69] org.apache.catalina.core.ApplicationContext.log Manager: list: Listing contexts for virtual host 'localhost'
10-Jun-2018 19:37:58.896 INFO [http-nio-8085-exec-66] org.apache.catalina.core.ApplicationContext.log Manager: list: Listing contexts for virtual host 'localhost'
10-Jun-2018 19:39:53.168 INFO [http-nio-8085-exec-66] org.apache.catalina.core.ApplicationContext.log Manager: list: Listing contexts for virtual host 'localhost'
10-Jun-2018 19:44:57.369 INFO [http-nio-8085-exec-69] org.apache.catalina.core.ApplicationContext.log Manager: list: Listing contexts for virtual host 'localhost'
