03-Jun-2018 00:50:57.512 INFO [http-nio-8085-exec-15] org.apache.catalina.core.ApplicationContext.log Manager: init: Associated with Deployer 'Catalina:type=Deployer,host=localhost'
03-Jun-2018 00:50:57.532 INFO [http-nio-8085-exec-15] org.apache.catalina.core.ApplicationContext.log Manager: init: Global resources are available
03-Jun-2018 00:50:57.535 INFO [http-nio-8085-exec-15] org.apache.catalina.core.ApplicationContext.log Manager: list: Listing contexts for virtual host 'localhost'
03-Jun-2018 00:50:59.098 INFO [http-nio-8085-exec-24] org.apache.catalina.core.ApplicationContext.log Manager: undeploy: Undeploying web application at '/'
03-Jun-2018 00:50:59.779 INFO [http-nio-8085-exec-15] org.apache.catalina.core.ApplicationContext.log Manager: install: Installing context configuration at 'file:/tmp/context2301542379590107703.xml'
03-Jun-2018 00:51:03.436 INFO [http-nio-8085-exec-13] org.apache.catalina.core.ApplicationContext.log Manager: start: Starting web application '/'
03-Jun-2018 00:51:15.304 INFO [http-nio-8085-exec-13] org.apache.catalina.core.ApplicationContext.log Manager: list: Listing contexts for virtual host 'localhost'
03-Jun-2018 00:51:15.331 INFO [http-nio-8085-exec-37] org.apache.catalina.core.ApplicationContext.log Manager: list: Listing contexts for virtual host 'localhost'
03-Jun-2018 01:02:28.882 INFO [http-nio-8085-exec-44] org.apache.catalina.core.ApplicationContext.log Manager: list: Listing contexts for virtual host 'localhost'
03-Jun-2018 01:02:28.888 INFO [http-nio-8085-exec-37] org.apache.catalina.core.ApplicationContext.log Manager: list: Listing contexts for virtual host 'localhost'
03-Jun-2018 01:03:26.667 INFO [http-nio-8085-exec-38] org.apache.catalina.core.ApplicationContext.log Manager: list: Listing contexts for virtual host 'localhost'
03-Jun-2018 01:04:34.674 INFO [http-nio-8085-exec-43] org.apache.catalina.core.ApplicationContext.log Manager: list: Listing contexts for virtual host 'localhost'
03-Jun-2018 01:04:34.737 INFO [http-nio-8085-exec-38] org.apache.catalina.core.ApplicationContext.log Manager: undeploy: Undeploying web application at '/'
03-Jun-2018 01:04:52.397 INFO [http-nio-8085-exec-45] org.apache.catalina.core.ApplicationContext.log Manager: list: Listing contexts for virtual host 'localhost'
03-Jun-2018 01:04:52.404 INFO [http-nio-8085-exec-46] org.apache.catalina.core.ApplicationContext.log Manager: list: Listing contexts for virtual host 'localhost'
03-Jun-2018 01:04:52.421 INFO [http-nio-8085-exec-35] org.apache.catalina.core.ApplicationContext.log Manager: install: Installing context configuration at 'file:/tmp/context8559453108746759116.xml'
03-Jun-2018 01:04:54.662 INFO [http-nio-8085-exec-47] org.apache.catalina.core.ApplicationContext.log Manager: start: Starting web application '/'
03-Jun-2018 01:07:50.420 INFO [http-nio-8085-exec-49] org.apache.catalina.core.ApplicationContext.log Manager: list: Listing contexts for virtual host 'localhost'
03-Jun-2018 01:10:09.053 INFO [http-nio-8085-exec-9] org.apache.catalina.core.ApplicationContext.log Manager: init: Associated with Deployer 'Catalina:type=Deployer,host=localhost'
03-Jun-2018 01:10:09.054 INFO [http-nio-8085-exec-9] org.apache.catalina.core.ApplicationContext.log Manager: init: Global resources are available
03-Jun-2018 01:10:09.057 INFO [http-nio-8085-exec-9] org.apache.catalina.core.ApplicationContext.log Manager: list: Listing contexts for virtual host 'localhost'
03-Jun-2018 01:10:09.121 INFO [http-nio-8085-exec-12] org.apache.catalina.core.ApplicationContext.log Manager: undeploy: Undeploying web application at '/'
03-Jun-2018 01:10:31.618 INFO [http-nio-8085-exec-3] org.apache.catalina.core.ApplicationContext.log Manager: list: Listing contexts for virtual host 'localhost'
03-Jun-2018 01:10:31.627 INFO [http-nio-8085-exec-6] org.apache.catalina.core.ApplicationContext.log Manager: list: Listing contexts for virtual host 'localhost'
03-Jun-2018 01:10:31.651 INFO [http-nio-8085-exec-10] org.apache.catalina.core.ApplicationContext.log Manager: install: Installing context configuration at 'file:/tmp/context6614342092302178251.xml'
03-Jun-2018 01:10:33.677 INFO [http-nio-8085-exec-13] org.apache.catalina.core.ApplicationContext.log Manager: start: Starting web application '/'
03-Jun-2018 01:17:02.987 INFO [http-nio-8085-exec-34] org.apache.catalina.core.ApplicationContext.log Manager: list: Listing contexts for virtual host 'localhost'
03-Jun-2018 01:18:40.892 INFO [http-nio-8085-exec-31] org.apache.catalina.core.ApplicationContext.log Manager: list: Listing contexts for virtual host 'localhost'
03-Jun-2018 01:19:05.974 INFO [http-nio-8085-exec-33] org.apache.catalina.core.ApplicationContext.log Manager: list: Listing contexts for virtual host 'localhost'
03-Jun-2018 01:19:06.015 INFO [http-nio-8085-exec-36] org.apache.catalina.core.ApplicationContext.log Manager: undeploy: Undeploying web application at '/'
03-Jun-2018 01:19:21.459 INFO [http-nio-8085-exec-39] org.apache.catalina.core.ApplicationContext.log Manager: list: Listing contexts for virtual host 'localhost'
03-Jun-2018 01:19:21.467 INFO [http-nio-8085-exec-34] org.apache.catalina.core.ApplicationContext.log Manager: list: Listing contexts for virtual host 'localhost'
03-Jun-2018 01:19:21.497 INFO [http-nio-8085-exec-35] org.apache.catalina.core.ApplicationContext.log Manager: install: Installing context configuration at 'file:/tmp/context2763931798644103042.xml'
03-Jun-2018 01:19:23.722 INFO [http-nio-8085-exec-40] org.apache.catalina.core.ApplicationContext.log Manager: start: Starting web application '/'
03-Jun-2018 01:25:30.435 INFO [http-nio-8085-exec-38] org.apache.catalina.core.ApplicationContext.log Manager: list: Listing contexts for virtual host 'localhost'
03-Jun-2018 01:29:37.839 INFO [http-nio-8085-exec-38] org.apache.catalina.core.ApplicationContext.log Manager: list: Listing contexts for virtual host 'localhost'
03-Jun-2018 01:34:36.594 INFO [http-nio-8085-exec-45] org.apache.catalina.core.ApplicationContext.log Manager: list: Listing contexts for virtual host 'localhost'
03-Jun-2018 01:36:45.360 INFO [http-nio-8085-exec-43] org.apache.catalina.core.ApplicationContext.log Manager: list: Listing contexts for virtual host 'localhost'
03-Jun-2018 01:39:06.842 INFO [http-nio-8085-exec-45] org.apache.catalina.core.ApplicationContext.log Manager: list: Listing contexts for virtual host 'localhost'
03-Jun-2018 01:41:12.466 INFO [http-nio-8085-exec-45] org.apache.catalina.core.ApplicationContext.log Manager: list: Listing contexts for virtual host 'localhost'
03-Jun-2018 01:41:52.752 INFO [http-nio-8085-exec-44] org.apache.catalina.core.ApplicationContext.log Manager: list: Listing contexts for virtual host 'localhost'
03-Jun-2018 01:42:53.653 INFO [http-nio-8085-exec-45] org.apache.catalina.core.ApplicationContext.log Manager: list: Listing contexts for virtual host 'localhost'
03-Jun-2018 01:46:22.428 INFO [http-nio-8085-exec-42] org.apache.catalina.core.ApplicationContext.log Manager: list: Listing contexts for virtual host 'localhost'
03-Jun-2018 01:47:56.543 INFO [http-nio-8085-exec-41] org.apache.catalina.core.ApplicationContext.log Manager: list: Listing contexts for virtual host 'localhost'
03-Jun-2018 01:53:17.657 INFO [http-nio-8085-exec-46] org.apache.catalina.core.ApplicationContext.log Manager: list: Listing contexts for virtual host 'localhost'
03-Jun-2018 01:53:47.001 INFO [http-nio-8085-exec-43] org.apache.catalina.core.ApplicationContext.log Manager: list: Listing contexts for virtual host 'localhost'
03-Jun-2018 01:54:06.714 INFO [http-nio-8085-exec-47] org.apache.catalina.core.ApplicationContext.log Manager: list: Listing contexts for virtual host 'localhost'
03-Jun-2018 01:55:06.466 INFO [http-nio-8085-exec-44] org.apache.catalina.core.ApplicationContext.log Manager: list: Listing contexts for virtual host 'localhost'
03-Jun-2018 01:55:27.899 INFO [http-nio-8085-exec-40] org.apache.catalina.core.ApplicationContext.log Manager: list: Listing contexts for virtual host 'localhost'
03-Jun-2018 02:13:51.821 INFO [http-nio-8085-exec-43] org.apache.catalina.core.ApplicationContext.log Manager: list: Listing contexts for virtual host 'localhost'
03-Jun-2018 02:14:27.417 INFO [http-nio-8085-exec-43] org.apache.catalina.core.ApplicationContext.log Manager: list: Listing contexts for virtual host 'localhost'
03-Jun-2018 02:16:58.984 INFO [http-nio-8085-exec-47] org.apache.catalina.core.ApplicationContext.log Manager: list: Listing contexts for virtual host 'localhost'
03-Jun-2018 02:17:09.281 INFO [http-nio-8085-exec-41] org.apache.catalina.core.ApplicationContext.log Manager: list: Listing contexts for virtual host 'localhost'
03-Jun-2018 02:19:40.899 INFO [http-nio-8085-exec-40] org.apache.catalina.core.ApplicationContext.log Manager: list: Listing contexts for virtual host 'localhost'
03-Jun-2018 02:21:42.378 INFO [http-nio-8085-exec-46] org.apache.catalina.core.ApplicationContext.log Manager: list: Listing contexts for virtual host 'localhost'
03-Jun-2018 02:22:14.598 INFO [http-nio-8085-exec-39] org.apache.catalina.core.ApplicationContext.log Manager: list: Listing contexts for virtual host 'localhost'
03-Jun-2018 02:22:40.223 INFO [http-nio-8085-exec-44] org.apache.catalina.core.ApplicationContext.log Manager: list: Listing contexts for virtual host 'localhost'
03-Jun-2018 02:22:40.273 INFO [http-nio-8085-exec-40] org.apache.catalina.core.ApplicationContext.log Manager: undeploy: Undeploying web application at '/'
03-Jun-2018 02:23:03.759 INFO [http-nio-8085-exec-48] org.apache.catalina.core.ApplicationContext.log Manager: list: Listing contexts for virtual host 'localhost'
03-Jun-2018 02:23:03.768 INFO [http-nio-8085-exec-49] org.apache.catalina.core.ApplicationContext.log Manager: list: Listing contexts for virtual host 'localhost'
03-Jun-2018 02:23:03.800 INFO [http-nio-8085-exec-44] org.apache.catalina.core.ApplicationContext.log Manager: install: Installing context configuration at 'file:/tmp/context7614722240793443321.xml'
03-Jun-2018 02:23:06.327 INFO [http-nio-8085-exec-43] org.apache.catalina.core.ApplicationContext.log Manager: start: Starting web application '/'
03-Jun-2018 22:41:28.074 INFO [http-nio-8085-exec-14] org.apache.catalina.core.ApplicationContext.log Manager: init: Associated with Deployer 'Catalina:type=Deployer,host=localhost'
03-Jun-2018 22:41:28.079 INFO [http-nio-8085-exec-14] org.apache.catalina.core.ApplicationContext.log Manager: init: Global resources are available
03-Jun-2018 22:41:28.080 INFO [http-nio-8085-exec-14] org.apache.catalina.core.ApplicationContext.log Manager: list: Listing contexts for virtual host 'localhost'
03-Jun-2018 22:41:29.930 INFO [http-nio-8085-exec-17] org.apache.catalina.core.ApplicationContext.log Manager: undeploy: Undeploying web application at '/'
03-Jun-2018 22:41:30.972 INFO [http-nio-8085-exec-19] org.apache.catalina.core.ApplicationContext.log Manager: install: Installing context configuration at 'file:/tmp/context3521356012501284726.xml'
03-Jun-2018 22:41:33.804 INFO [http-nio-8085-exec-18] org.apache.catalina.core.ApplicationContext.log Manager: start: Starting web application '/'
03-Jun-2018 22:42:11.386 INFO [http-nio-8085-exec-24] org.apache.catalina.core.ApplicationContext.log Manager: list: Listing contexts for virtual host 'localhost'
03-Jun-2018 22:42:11.394 INFO [http-nio-8085-exec-18] org.apache.catalina.core.ApplicationContext.log Manager: list: Listing contexts for virtual host 'localhost'
03-Jun-2018 23:01:40.889 INFO [http-nio-8085-exec-35] org.apache.catalina.core.ApplicationContext.log Manager: list: Listing contexts for virtual host 'localhost'
03-Jun-2018 23:01:47.998 INFO [http-nio-8085-exec-35] org.apache.catalina.core.ApplicationContext.log Manager: list: Listing contexts for virtual host 'localhost'
03-Jun-2018 23:02:04.184 INFO [http-nio-8085-exec-24] org.apache.catalina.core.ApplicationContext.log Manager: list: Listing contexts for virtual host 'localhost'
03-Jun-2018 23:02:04.209 INFO [http-nio-8085-exec-25] org.apache.catalina.core.ApplicationContext.log Manager: list: Listing contexts for virtual host 'localhost'
03-Jun-2018 23:03:42.411 INFO [http-nio-8085-exec-34] org.apache.catalina.core.ApplicationContext.log Manager: list: Listing contexts for virtual host 'localhost'
03-Jun-2018 23:07:38.228 INFO [http-nio-8085-exec-27] org.apache.catalina.core.ApplicationContext.log Manager: list: Listing contexts for virtual host 'localhost'
03-Jun-2018 23:09:51.512 INFO [http-nio-8085-exec-26] org.apache.catalina.core.ApplicationContext.log Manager: list: Listing contexts for virtual host 'localhost'
03-Jun-2018 23:10:14.601 INFO [http-nio-8085-exec-24] org.apache.catalina.core.ApplicationContext.log Manager: list: Listing contexts for virtual host 'localhost'
03-Jun-2018 23:10:55.501 INFO [http-nio-8085-exec-24] org.apache.catalina.core.ApplicationContext.log Manager: list: Listing contexts for virtual host 'localhost'
03-Jun-2018 23:11:09.862 INFO [http-nio-8085-exec-23] org.apache.catalina.core.ApplicationContext.log Manager: list: Listing contexts for virtual host 'localhost'
03-Jun-2018 23:12:36.396 INFO [http-nio-8085-exec-35] org.apache.catalina.core.ApplicationContext.log Manager: list: Listing contexts for virtual host 'localhost'
03-Jun-2018 23:12:36.488 INFO [http-nio-8085-exec-25] org.apache.catalina.core.ApplicationContext.log Manager: list: Listing contexts for virtual host 'localhost'
03-Jun-2018 23:12:59.553 INFO [http-nio-8085-exec-32] org.apache.catalina.core.ApplicationContext.log Manager: list: Listing contexts for virtual host 'localhost'
03-Jun-2018 23:13:24.752 INFO [http-nio-8085-exec-32] org.apache.catalina.core.ApplicationContext.log Manager: list: Listing contexts for virtual host 'localhost'
03-Jun-2018 23:13:45.026 INFO [http-nio-8085-exec-32] org.apache.catalina.core.ApplicationContext.log Manager: list: Listing contexts for virtual host 'localhost'
03-Jun-2018 23:14:16.393 INFO [http-nio-8085-exec-27] org.apache.catalina.core.ApplicationContext.log Manager: list: Listing contexts for virtual host 'localhost'
03-Jun-2018 23:14:42.669 INFO [http-nio-8085-exec-27] org.apache.catalina.core.ApplicationContext.log Manager: list: Listing contexts for virtual host 'localhost'
03-Jun-2018 23:15:04.095 INFO [http-nio-8085-exec-27] org.apache.catalina.core.ApplicationContext.log Manager: list: Listing contexts for virtual host 'localhost'
03-Jun-2018 23:15:32.042 INFO [http-nio-8085-exec-28] org.apache.catalina.core.ApplicationContext.log Manager: list: Listing contexts for virtual host 'localhost'
03-Jun-2018 23:16:08.252 INFO [http-nio-8085-exec-29] org.apache.catalina.core.ApplicationContext.log Manager: list: Listing contexts for virtual host 'localhost'
03-Jun-2018 23:20:21.414 INFO [http-nio-8085-exec-29] org.apache.catalina.core.ApplicationContext.log Manager: list: Listing contexts for virtual host 'localhost'
03-Jun-2018 23:23:05.202 INFO [http-nio-8085-exec-29] org.apache.catalina.core.ApplicationContext.log Manager: list: Listing contexts for virtual host 'localhost'
03-Jun-2018 23:23:21.206 INFO [http-nio-8085-exec-26] org.apache.catalina.core.ApplicationContext.log Manager: list: Listing contexts for virtual host 'localhost'
03-Jun-2018 23:27:29.594 INFO [http-nio-8085-exec-34] org.apache.catalina.core.ApplicationContext.log Manager: list: Listing contexts for virtual host 'localhost'
03-Jun-2018 23:27:52.313 INFO [http-nio-8085-exec-23] org.apache.catalina.core.ApplicationContext.log Manager: list: Listing contexts for virtual host 'localhost'
03-Jun-2018 23:29:35.460 INFO [http-nio-8085-exec-28] org.apache.catalina.core.ApplicationContext.log Manager: list: Listing contexts for virtual host 'localhost'
03-Jun-2018 23:59:38.098 INFO [http-nio-8085-exec-24] org.apache.catalina.core.ApplicationContext.log Manager: list: Listing contexts for virtual host 'localhost'
